{
  "stats": {
    "suites": 15,
    "tests": 28,
    "passes": 28,
    "pending": 0,
    "failures": 0,
    "start": "2022-05-21T08:31:06.718Z",
    "end": "2022-05-21T08:31:08.755Z",
    "duration": 2037,
    "testsRegistered": 28,
    "passPercent": 100,
    "pendingPercent": 0,
    "other": 0,
    "hasOther": false,
    "skipped": 0,
    "hasSkipped": false
  },
  "results": [
    {
      "uuid": "3e862ce9-68e0-4161-9ab6-0890404d941c",
      "title": "",
      "fullFile": "",
      "file": "",
      "beforeHooks": [],
      "afterHooks": [],
      "tests": [],
      "suites": [
        {
          "uuid": "caae5276-5479-40b6-ad71-d5ac8fe2d1af",
          "title": "API Service Group",
          "fullFile": "/Users/ariotriguna/Repo/flash/test/suite_productService.js",
          "file": "/test/suite_productService.js",
          "beforeHooks": [],
          "afterHooks": [],
          "tests": [],
          "suites": [
            {
              "uuid": "57f49a1b-5ec4-462a-be6d-46eb9a8ea1d2",
              "title": "Create Service Product",
              "fullFile": "/Users/ariotriguna/Repo/flash/test/suite_productService.js",
              "file": "/test/suite_productService.js",
              "beforeHooks": [],
              "afterHooks": [],
              "tests": [
                {
                  "title": "when user input corect data then user got response 200",
                  "fullTitle": "API Service Group Create Service Product when user input corect data then user got response 200",
                  "timedOut": false,
                  "duration": 136,
                  "state": "passed",
                  "speed": "slow",
                  "pass": true,
                  "fail": false,
                  "pending": false,
                  "context": null,
                  "code": "const res = await create.createServiceGroup(datas.service_Group.code, datas.service_Group.name, datas.service_Group.description)   \nif(res.status !==200){\n    console.log(\"create data : \"+res.status+\"||\" +res.text)\n}         \nassert(res.status).to.equal(200)\nglobal.ids = res.body.data[0].id\nglobal.names = res.body.data[0].name\nglobal.desc = res.body.data[0].description\nglobal.codes = res.body.data[0].code\nassert(res.body.data[0]).to.have.property(\"id\")\nassert(res.body.data[0]).to.have.property(\"code\")\nassert(res.body.data[0]).to.have.property(\"name\")\nassert(res.body.data[0]).to.have.property(\"description\")\nassert(res.body.data[0]).to.have.property(\"is_active\")",
                  "err": {},
                  "uuid": "8caca6ae-34ae-4407-a0d1-a3810aeaac90",
                  "parentUUID": "57f49a1b-5ec4-462a-be6d-46eb9a8ea1d2",
                  "isHook": false,
                  "skipped": false
                },
                {
                  "title": "when user input existing data, then user got response error",
                  "fullTitle": "API Service Group Create Service Product when user input existing data, then user got response error",
                  "timedOut": false,
                  "duration": 61,
                  "state": "passed",
                  "speed": "medium",
                  "pass": true,
                  "fail": false,
                  "pending": false,
                  "context": null,
                  "code": "const res = await create.createServiceGroup('TEST66', 'Alda', 'this is triger from automation tools')\nassert(res.status).to.equal(400)",
                  "err": {},
                  "uuid": "0d7dcf6c-e39e-40a3-bcd2-6f3eac6fc426",
                  "parentUUID": "57f49a1b-5ec4-462a-be6d-46eb9a8ea1d2",
                  "isHook": false,
                  "skipped": false
                },
                {
                  "title": "when user input data using existing code data, then user got response error",
                  "fullTitle": "API Service Group Create Service Product when user input data using existing code data, then user got response error",
                  "timedOut": false,
                  "duration": 57,
                  "state": "passed",
                  "speed": "medium",
                  "pass": true,
                  "fail": false,
                  "pending": false,
                  "context": null,
                  "code": "const res = await create.createServiceGroup('TEST66', datas.service_Group.name, datas.service_Group.description)\nassert(res.status).to.equal(400)",
                  "err": {},
                  "uuid": "50577f0c-2bff-4088-a02a-f500d73369db",
                  "parentUUID": "57f49a1b-5ec4-462a-be6d-46eb9a8ea1d2",
                  "isHook": false,
                  "skipped": false
                }
              ],
              "suites": [],
              "passes": [
                "8caca6ae-34ae-4407-a0d1-a3810aeaac90",
                "0d7dcf6c-e39e-40a3-bcd2-6f3eac6fc426",
                "50577f0c-2bff-4088-a02a-f500d73369db"
              ],
              "failures": [],
              "pending": [],
              "skipped": [],
              "duration": 254,
              "root": false,
              "rootEmpty": false,
              "_timeout": 180000
            },
            {
              "uuid": "a07f6d9b-39d6-45bf-a612-a3c47c18015a",
              "title": "Get All Service Group",
              "fullFile": "/Users/ariotriguna/Repo/flash/test/suite_productService.js",
              "file": "/test/suite_productService.js",
              "beforeHooks": [],
              "afterHooks": [],
              "tests": [
                {
                  "title": "when user hit api get all then user got response 200 and all data will be appears",
                  "fullTitle": "API Service Group Get All Service Group when user hit api get all then user got response 200 and all data will be appears",
                  "timedOut": false,
                  "duration": 167,
                  "state": "passed",
                  "speed": "slow",
                  "pass": true,
                  "fail": false,
                  "pending": false,
                  "context": null,
                  "code": "const res = await getAll.getallServiceGroup()\nif(res.status !==200){\n    console.log(\"getall data : \"+res.status+\"||\" +res.body.text)\n}\nassert(res.status).to.equal(200)\nassert(res.body.data[0]).to.have.property(\"id\")\nassert(res.body.data[0]).to.have.property(\"code\")\nassert(res.body.data[0]).to.have.property(\"name\")\nassert(res.body.data[0]).to.have.property(\"description\")\nassert(res.body.data[0]).to.have.property(\"is_active\")\nglobal.ids1 = res.body.data[1].id\nglobal.names1 = res.body.data[1].name\nglobal.desc1 = res.body.data[1].description\nglobal.codes1 = res.body.data[1].code",
                  "err": {},
                  "uuid": "ce43ed1e-d1d4-4237-bb86-088f24889d20",
                  "parentUUID": "a07f6d9b-39d6-45bf-a612-a3c47c18015a",
                  "isHook": false,
                  "skipped": false
                }
              ],
              "suites": [],
              "passes": [
                "ce43ed1e-d1d4-4237-bb86-088f24889d20"
              ],
              "failures": [],
              "pending": [],
              "skipped": [],
              "duration": 167,
              "root": false,
              "rootEmpty": false,
              "_timeout": 180000
            },
            {
              "uuid": "ae22f268-fc9e-498d-ab35-d5a28e617e71",
              "title": "Get All Public Service Group ",
              "fullFile": "/Users/ariotriguna/Repo/flash/test/suite_productService.js",
              "file": "/test/suite_productService.js",
              "beforeHooks": [],
              "afterHooks": [],
              "tests": [
                {
                  "title": "when user hit api get all public then user got response 200 and all data will be appears",
                  "fullTitle": "API Service Group Get All Public Service Group  when user hit api get all public then user got response 200 and all data will be appears",
                  "timedOut": false,
                  "duration": 70,
                  "state": "passed",
                  "speed": "medium",
                  "pass": true,
                  "fail": false,
                  "pending": false,
                  "context": null,
                  "code": "const res = await getAllpublic.getallpublicServiceGroup()\nif(res.status !==200){\n    console.log(\"getall data : \"+res.status+\"||\" +res.body.text)\n}\nassert(res.status).to.equal(200)\nassert(res.body.data[0]).to.have.property(\"id\")\nassert(res.body.data[0]).to.have.property(\"code\")\nassert(res.body.data[0]).to.have.property(\"name\")\nassert(res.body.data[0]).to.have.property(\"description\")\nassert(res.body.data[0]).to.have.property(\"is_active\")",
                  "err": {},
                  "uuid": "43068730-35f3-4c92-98a6-bbd3e98bbb45",
                  "parentUUID": "ae22f268-fc9e-498d-ab35-d5a28e617e71",
                  "isHook": false,
                  "skipped": false
                }
              ],
              "suites": [],
              "passes": [
                "43068730-35f3-4c92-98a6-bbd3e98bbb45"
              ],
              "failures": [],
              "pending": [],
              "skipped": [],
              "duration": 70,
              "root": false,
              "rootEmpty": false,
              "_timeout": 180000
            },
            {
              "uuid": "6cf6a758-78f8-4750-95fc-8e2c5846002f",
              "title": "Get Detail Public Service Group",
              "fullFile": "/Users/ariotriguna/Repo/flash/test/suite_productService.js",
              "file": "/test/suite_productService.js",
              "beforeHooks": [],
              "afterHooks": [],
              "tests": [
                {
                  "title": "when user hit api get detail public then user got response 200 and all data will be appears",
                  "fullTitle": "API Service Group Get Detail Public Service Group when user hit api get detail public then user got response 200 and all data will be appears",
                  "timedOut": false,
                  "duration": 54,
                  "state": "passed",
                  "speed": "medium",
                  "pass": true,
                  "fail": false,
                  "pending": false,
                  "context": null,
                  "code": "const res = await getdetailpublic.getdetailpublicServiceGroup(global.ids)\nif(res.status !==200){\n    console.log(\"getdetailpublic data : \"+res.status+\"||\" +res.body.text)\n}\nassert(res.status).to.equal(200)\nassert(res.body.data[0]).to.have.property(\"id\")\nassert(res.body.data[0]).to.have.property(\"code\")\nassert(res.body.data[0]).to.have.property(\"name\")\nassert(res.body.data[0]).to.have.property(\"description\")\nassert(res.body.data[0]).to.have.property(\"is_active\")",
                  "err": {},
                  "uuid": "75bab21a-55ed-4eaf-9c67-a865dad23333",
                  "parentUUID": "6cf6a758-78f8-4750-95fc-8e2c5846002f",
                  "isHook": false,
                  "skipped": false
                },
                {
                  "title": "when user hit api get detail public with wrong id then user got response error",
                  "fullTitle": "API Service Group Get Detail Public Service Group when user hit api get detail public with wrong id then user got response error",
                  "timedOut": false,
                  "duration": 78,
                  "state": "passed",
                  "speed": "slow",
                  "pass": true,
                  "fail": false,
                  "pending": false,
                  "context": null,
                  "code": "const res = await getdetailpublic.getdetailpublicServiceGroup(datas.service_Group.wrongid)\nassert(res.status).to.equal(404)\nassert(res.body.response_desc).to.have.property(\"id\").to.equal(\"error data tidak ditemukan\")\nassert(res.body.response_desc).to.have.property(\"en\")",
                  "err": {},
                  "uuid": "6f5d6770-4495-4ae0-9f58-e57ab8a922f9",
                  "parentUUID": "6cf6a758-78f8-4750-95fc-8e2c5846002f",
                  "isHook": false,
                  "skipped": false
                }
              ],
              "suites": [],
              "passes": [
                "75bab21a-55ed-4eaf-9c67-a865dad23333",
                "6f5d6770-4495-4ae0-9f58-e57ab8a922f9"
              ],
              "failures": [],
              "pending": [],
              "skipped": [],
              "duration": 132,
              "root": false,
              "rootEmpty": false,
              "_timeout": 180000
            },
            {
              "uuid": "9f1c18b3-a9f1-40ef-a43b-8d96d127d0a4",
              "title": "Get Detail Service Group",
              "fullFile": "/Users/ariotriguna/Repo/flash/test/suite_productService.js",
              "file": "/test/suite_productService.js",
              "beforeHooks": [],
              "afterHooks": [],
              "tests": [
                {
                  "title": "when user hit api get detail then user got response 200 and all data will be appears",
                  "fullTitle": "API Service Group Get Detail Service Group when user hit api get detail then user got response 200 and all data will be appears",
                  "timedOut": false,
                  "duration": 74,
                  "state": "passed",
                  "speed": "medium",
                  "pass": true,
                  "fail": false,
                  "pending": false,
                  "context": null,
                  "code": "const res = await getdetail.getdetailServiceGroup(global.ids)\nif(res.status !==200){\n    console.log(\"getdetail data : \"+res.status+\"||\" +res.body.text)\n}\nassert(res.status).to.equal(200)\nassert(res.body.data[0]).to.have.property(\"id\")\nassert(res.body.data[0]).to.have.property(\"code\")\nassert(res.body.data[0]).to.have.property(\"name\")\nassert(res.body.data[0]).to.have.property(\"description\")\nassert(res.body.data[0]).to.have.property(\"is_active\")",
                  "err": {},
                  "uuid": "69e4c604-ba1b-45e1-9885-874d73116384",
                  "parentUUID": "9f1c18b3-a9f1-40ef-a43b-8d96d127d0a4",
                  "isHook": false,
                  "skipped": false
                },
                {
                  "title": "when user hit api get detail with wrong id then user got response error",
                  "fullTitle": "API Service Group Get Detail Service Group when user hit api get detail with wrong id then user got response error",
                  "timedOut": false,
                  "duration": 61,
                  "state": "passed",
                  "speed": "medium",
                  "pass": true,
                  "fail": false,
                  "pending": false,
                  "context": null,
                  "code": "const res = await getdetail.getdetailServiceGroup(datas.service_Group.wrongid)\nassert(res.status).to.equal(404)\nassert(res.body.response_desc).to.have.property(\"id\").to.equal(\"error data tidak ditemukan\")\nassert(res.body.response_desc).to.have.property(\"en\")",
                  "err": {},
                  "uuid": "e476feaa-239d-4c5b-b2f0-7f54bb00f2b7",
                  "parentUUID": "9f1c18b3-a9f1-40ef-a43b-8d96d127d0a4",
                  "isHook": false,
                  "skipped": false
                }
              ],
              "suites": [],
              "passes": [
                "69e4c604-ba1b-45e1-9885-874d73116384",
                "e476feaa-239d-4c5b-b2f0-7f54bb00f2b7"
              ],
              "failures": [],
              "pending": [],
              "skipped": [],
              "duration": 135,
              "root": false,
              "rootEmpty": false,
              "_timeout": 180000
            },
            {
              "uuid": "1a26df62-8ea0-4933-a3bb-13e961668cce",
              "title": "Update Service Product",
              "fullFile": "/Users/ariotriguna/Repo/flash/test/suite_productService.js",
              "file": "/test/suite_productService.js",
              "beforeHooks": [],
              "afterHooks": [],
              "tests": [
                {
                  "title": "when user input corect data then user got response 200",
                  "fullTitle": "API Service Group Update Service Product when user input corect data then user got response 200",
                  "timedOut": false,
                  "duration": 55,
                  "state": "passed",
                  "speed": "medium",
                  "pass": true,
                  "fail": false,
                  "pending": false,
                  "context": null,
                  "code": "const res = await update.updateServiceGroup(global.ids, datas.service_Group.code, datas.service_Group.name, datas.service_Group.description)   \nif(res.status !==200){\n    console.log(\"update data : \"+res.status+\"||\" +res.body.text)\n}\nassert(res.status).to.equal(200)\nassert(res.body.data[0]).to.have.property(\"id\")\nassert(res.body.data[0]).to.have.property(\"code\")\nassert(res.body.data[0]).to.have.property(\"name\")\nassert(res.body.data[0]).to.have.property(\"description\")\nassert(res.body.data[0]).to.have.property(\"is_active\")",
                  "err": {},
                  "uuid": "da527e1c-4b32-433c-9432-3e1634dfbbff",
                  "parentUUID": "1a26df62-8ea0-4933-a3bb-13e961668cce",
                  "isHook": false,
                  "skipped": false
                },
                {
                  "title": "when user input different code and same description and same name then user got response 200",
                  "fullTitle": "API Service Group Update Service Product when user input different code and same description and same name then user got response 200",
                  "timedOut": false,
                  "duration": 56,
                  "state": "passed",
                  "speed": "medium",
                  "pass": true,
                  "fail": false,
                  "pending": false,
                  "context": null,
                  "code": "const res = await update.updateServiceGroup(global.ids, datas.service_Group.code, global.names, global.desc)   \nif(res.status !==200){\n    console.log(\"update data : \"+res.status+\"||\" +res.body.text)\n}\nassert(res.status).to.equal(200)\nassert(res.body.data[0]).to.have.property(\"id\")\nassert(res.body.data[0]).to.have.property(\"code\")\nassert(res.body.data[0]).to.have.property(\"name\")\nassert(res.body.data[0]).to.have.property(\"description\")\nassert(res.body.data[0]).to.have.property(\"is_active\")",
                  "err": {},
                  "uuid": "26406a8d-0184-486f-8cff-200b64c2579a",
                  "parentUUID": "1a26df62-8ea0-4933-a3bb-13e961668cce",
                  "isHook": false,
                  "skipped": false
                },
                {
                  "title": "when user input different name and same code then user got response 200",
                  "fullTitle": "API Service Group Update Service Product when user input different name and same code then user got response 200",
                  "timedOut": false,
                  "duration": 62,
                  "state": "passed",
                  "speed": "medium",
                  "pass": true,
                  "fail": false,
                  "pending": false,
                  "context": null,
                  "code": "const res = await update.updateServiceGroup(global.ids, global.codes, datas.service_Group.name, global.desc)   \nif(res.status !==200){\n    console.log(\"update data : \"+res.status+\"||\" +res.body.text)\n}\nassert(res.status).to.equal(200)\nassert(res.body.data[0]).to.have.property(\"id\")\nassert(res.body.data[0]).to.have.property(\"code\")\nassert(res.body.data[0]).to.have.property(\"name\")\nassert(res.body.data[0]).to.have.property(\"description\")\nassert(res.body.data[0]).to.have.property(\"is_active\")",
                  "err": {},
                  "uuid": "04905210-9318-4d43-8eee-a956a1df68a0",
                  "parentUUID": "1a26df62-8ea0-4933-a3bb-13e961668cce",
                  "isHook": false,
                  "skipped": false
                },
                {
                  "title": "when user input different description and same code and same name then user got response 200",
                  "fullTitle": "API Service Group Update Service Product when user input different description and same code and same name then user got response 200",
                  "timedOut": false,
                  "duration": 64,
                  "state": "passed",
                  "speed": "medium",
                  "pass": true,
                  "fail": false,
                  "pending": false,
                  "context": null,
                  "code": "const res = await update.updateServiceGroup(global.ids, global.codes, global.names, datas.service_Group.description)   \nif(res.status !==200){\n    console.log(\"update data : \"+res.status+\"||\" +res.body.text)\n}\nassert(res.status).to.equal(200)\nassert(res.body.data[0]).to.have.property(\"id\")\nassert(res.body.data[0]).to.have.property(\"code\")\nassert(res.body.data[0]).to.have.property(\"name\")\nassert(res.body.data[0]).to.have.property(\"description\")\nassert(res.body.data[0]).to.have.property(\"is_active\")",
                  "err": {},
                  "uuid": "869446b2-cca9-413b-a838-80e7372d41f0",
                  "parentUUID": "1a26df62-8ea0-4933-a3bb-13e961668cce",
                  "isHook": false,
                  "skipped": false
                },
                {
                  "title": "when user input same data, then user got response error",
                  "fullTitle": "API Service Group Update Service Product when user input same data, then user got response error",
                  "timedOut": false,
                  "duration": 67,
                  "state": "passed",
                  "speed": "medium",
                  "pass": true,
                  "fail": false,
                  "pending": false,
                  "context": null,
                  "code": "const res = await update.updateServiceGroup(global.ids, global.codes1, global.names1, global.desc1)   \nassert(res.status).to.equal(500)",
                  "err": {},
                  "uuid": "54a21a80-d45c-4899-aa16-d9954bab1d1d",
                  "parentUUID": "1a26df62-8ea0-4933-a3bb-13e961668cce",
                  "isHook": false,
                  "skipped": false
                },
                {
                  "title": "when user input data using existing code data, then user got response error",
                  "fullTitle": "API Service Group Update Service Product when user input data using existing code data, then user got response error",
                  "timedOut": false,
                  "duration": 61,
                  "state": "passed",
                  "speed": "medium",
                  "pass": true,
                  "fail": false,
                  "pending": false,
                  "context": null,
                  "code": "const res = await update.updateServiceGroup(global.ids1, global.codes, datas.service_Group.name, datas.service_Group.description)   \nassert(res.status).to.equal(500)",
                  "err": {},
                  "uuid": "3d5c7ae2-17dd-40bb-a7c3-842a52663e50",
                  "parentUUID": "1a26df62-8ea0-4933-a3bb-13e961668cce",
                  "isHook": false,
                  "skipped": false
                }
              ],
              "suites": [],
              "passes": [
                "da527e1c-4b32-433c-9432-3e1634dfbbff",
                "26406a8d-0184-486f-8cff-200b64c2579a",
                "04905210-9318-4d43-8eee-a956a1df68a0",
                "869446b2-cca9-413b-a838-80e7372d41f0",
                "54a21a80-d45c-4899-aa16-d9954bab1d1d",
                "3d5c7ae2-17dd-40bb-a7c3-842a52663e50"
              ],
              "failures": [],
              "pending": [],
              "skipped": [],
              "duration": 365,
              "root": false,
              "rootEmpty": false,
              "_timeout": 180000
            },
            {
              "uuid": "f9d4d431-fcc6-4337-9c3a-a2a32a8b184b",
              "title": "Delete data Service Group",
              "fullFile": "/Users/ariotriguna/Repo/flash/test/suite_productService.js",
              "file": "/test/suite_productService.js",
              "beforeHooks": [],
              "afterHooks": [],
              "tests": [
                {
                  "title": "when user hit api delete with correct id then user got response 200 and data will be deleted",
                  "fullTitle": "API Service Group Delete data Service Group when user hit api delete with correct id then user got response 200 and data will be deleted",
                  "timedOut": false,
                  "duration": 72,
                  "state": "passed",
                  "speed": "medium",
                  "pass": true,
                  "fail": false,
                  "pending": false,
                  "context": null,
                  "code": "const res = await deleted.deleteServiceGroup(global.ids)\nassert(res.status).to.equal(200)",
                  "err": {},
                  "uuid": "89020470-47cd-48cf-b1e6-c004928acd8f",
                  "parentUUID": "f9d4d431-fcc6-4337-9c3a-a2a32a8b184b",
                  "isHook": false,
                  "skipped": false
                },
                {
                  "title": "when user hit api delete with wrong id then user got response error",
                  "fullTitle": "API Service Group Delete data Service Group when user hit api delete with wrong id then user got response error",
                  "timedOut": false,
                  "duration": 63,
                  "state": "passed",
                  "speed": "medium",
                  "pass": true,
                  "fail": false,
                  "pending": false,
                  "context": null,
                  "code": "const res = await deleted.deleteServiceGroup(datas.service_Group.wrongid)\nassert(res.status).to.equal(404)",
                  "err": {},
                  "uuid": "0dbc1104-8b43-499f-ae58-c8c824965446",
                  "parentUUID": "f9d4d431-fcc6-4337-9c3a-a2a32a8b184b",
                  "isHook": false,
                  "skipped": false
                }
              ],
              "suites": [],
              "passes": [
                "89020470-47cd-48cf-b1e6-c004928acd8f",
                "0dbc1104-8b43-499f-ae58-c8c824965446"
              ],
              "failures": [],
              "pending": [],
              "skipped": [],
              "duration": 135,
              "root": false,
              "rootEmpty": false,
              "_timeout": 180000
            }
          ],
          "passes": [],
          "failures": [],
          "pending": [],
          "skipped": [],
          "duration": 0,
          "root": false,
          "rootEmpty": false,
          "_timeout": 180000
        },
        {
          "uuid": "5bd39fd6-339d-40eb-92cb-cc479f6c4526",
          "title": "API Extension Clause",
          "fullFile": "/Users/ariotriguna/Repo/flash/test/suite_productService.js",
          "file": "/test/suite_productService.js",
          "beforeHooks": [],
          "afterHooks": [],
          "tests": [],
          "suites": [
            {
              "uuid": "5641597c-afa5-4448-bb2e-68903ed397f0",
              "title": "Create ExtensionClause",
              "fullFile": "/Users/ariotriguna/Repo/flash/test/suite_productService.js",
              "file": "/test/suite_productService.js",
              "beforeHooks": [],
              "afterHooks": [],
              "tests": [
                {
                  "title": "when user input corect data then user got response 200",
                  "fullTitle": "API Extension Clause Create ExtensionClause when user input corect data then user got response 200",
                  "timedOut": false,
                  "duration": 75,
                  "state": "passed",
                  "speed": "medium",
                  "pass": true,
                  "fail": false,
                  "pending": false,
                  "context": null,
                  "code": "const res = await EC_create.createExtensionClause(datas.Extension_clause.code, datas.service_Group.name, datas.service_Group.description, global.codes)\nassert(res.status).to.equal(200)\nassert(res.body.data[0]).to.have.property(\"id\")\nassert(res.body.data[0]).to.have.property(\"service_group_id\").to.equal(global.ids)\nassert(res.body.data[0]).to.have.property(\"service_group_code\").to.equal(global.codes)\nassert(res.body.data[0]).to.have.property(\"code\")\nassert(res.body.data[0]).to.have.property(\"name\")\nassert(res.body.data[0]).to.have.property(\"description\")\nassert(res.body.data[0]).to.have.property(\"is_active\").to.equal(true)\nglobal.ECids = res.body.data[0].id",
                  "err": {},
                  "uuid": "2e779455-852e-4172-b200-104a2fc74e5f",
                  "parentUUID": "5641597c-afa5-4448-bb2e-68903ed397f0",
                  "isHook": false,
                  "skipped": false
                }
              ],
              "suites": [],
              "passes": [
                "2e779455-852e-4172-b200-104a2fc74e5f"
              ],
              "failures": [],
              "pending": [],
              "skipped": [],
              "duration": 75,
              "root": false,
              "rootEmpty": false,
              "_timeout": 180000
            },
            {
              "uuid": "b4b02d3f-f4e8-49c3-9c5c-bbbc22592b2f",
              "title": "Get all data Extension Clause",
              "fullFile": "/Users/ariotriguna/Repo/flash/test/suite_productService.js",
              "file": "/test/suite_productService.js",
              "beforeHooks": [],
              "afterHooks": [],
              "tests": [
                {
                  "title": "when user hit api get all then user got response 200 and all data will be appears",
                  "fullTitle": "API Extension Clause Get all data Extension Clause when user hit api get all then user got response 200 and all data will be appears",
                  "timedOut": false,
                  "duration": 129,
                  "state": "passed",
                  "speed": "slow",
                  "pass": true,
                  "fail": false,
                  "pending": false,
                  "context": null,
                  "code": "const res = await EC_Getall.getallExtensionClause()\nassert(res.status).to.equal(200)\nassert(res.body.data[0]).to.have.property(\"id\")\nassert(res.body.data[0]).to.have.property(\"service_group_id\")\nassert(res.body.data[0]).to.have.property(\"service_group_code\")\nassert(res.body.data[0]).to.have.property(\"code\")\nassert(res.body.data[0]).to.have.property(\"name\")\nassert(res.body.data[0]).to.have.property(\"description\")\nassert(res.body.data[0]).to.have.property(\"is_active\")\nglobal.ECids1 = res.body.data[1].id\nglobal.ECserviceCode1 = res.body.data[1].service_group_code\nglobal.code1 = res.body.data[1].code\nglobal.name1 = res.body.data[1].name\nglobal.code2 = res.body.data[0].code\nglobal.name2 = res.body.data[0].name",
                  "err": {},
                  "uuid": "26116d34-f6e3-4cdf-afdd-e55f9bc1edbd",
                  "parentUUID": "b4b02d3f-f4e8-49c3-9c5c-bbbc22592b2f",
                  "isHook": false,
                  "skipped": false
                }
              ],
              "suites": [],
              "passes": [
                "26116d34-f6e3-4cdf-afdd-e55f9bc1edbd"
              ],
              "failures": [],
              "pending": [],
              "skipped": [],
              "duration": 129,
              "root": false,
              "rootEmpty": false,
              "_timeout": 180000
            },
            {
              "uuid": "a4706e90-051c-4bf1-90fa-c4e64cf6f3a0",
              "title": "Delete data Extension Clause",
              "fullFile": "/Users/ariotriguna/Repo/flash/test/suite_productService.js",
              "file": "/test/suite_productService.js",
              "beforeHooks": [],
              "afterHooks": [],
              "tests": [
                {
                  "title": "when user hit api delete with correct id then user got response 200 and data will be deleted",
                  "fullTitle": "API Extension Clause Delete data Extension Clause when user hit api delete with correct id then user got response 200 and data will be deleted",
                  "timedOut": false,
                  "duration": 65,
                  "state": "passed",
                  "speed": "medium",
                  "pass": true,
                  "fail": false,
                  "pending": false,
                  "context": null,
                  "code": "const res = await EC_Delete.deleteExtensionClause(global.ECids)\nassert(res.status).to.equal(200)",
                  "err": {},
                  "uuid": "fea64399-b64f-4464-8b44-6c8c8f2f5420",
                  "parentUUID": "a4706e90-051c-4bf1-90fa-c4e64cf6f3a0",
                  "isHook": false,
                  "skipped": false
                },
                {
                  "title": "when user hit api delete with wrong id then user got response error",
                  "fullTitle": "API Extension Clause Delete data Extension Clause when user hit api delete with wrong id then user got response error",
                  "timedOut": false,
                  "duration": 54,
                  "state": "passed",
                  "speed": "medium",
                  "pass": true,
                  "fail": false,
                  "pending": false,
                  "context": null,
                  "code": "const res = await EC_Delete.deleteExtensionClause(datas.Extension_clause.wrongid)\nassert(res.status).to.equal(400)\nassert(res.body.response_desc.id).to.equal('Product Extension Clause ID Tidak Ditemukan')",
                  "err": {},
                  "uuid": "c4355bc3-1fe5-4d41-829e-112deffb5ff1",
                  "parentUUID": "a4706e90-051c-4bf1-90fa-c4e64cf6f3a0",
                  "isHook": false,
                  "skipped": false
                }
              ],
              "suites": [],
              "passes": [
                "fea64399-b64f-4464-8b44-6c8c8f2f5420",
                "c4355bc3-1fe5-4d41-829e-112deffb5ff1"
              ],
              "failures": [],
              "pending": [],
              "skipped": [],
              "duration": 119,
              "root": false,
              "rootEmpty": false,
              "_timeout": 180000
            },
            {
              "uuid": "e952be58-b7ee-4d0b-9bc3-bdaaab3e5b18",
              "title": "Get Detail Extension Clause",
              "fullFile": "/Users/ariotriguna/Repo/flash/test/suite_productService.js",
              "file": "/test/suite_productService.js",
              "beforeHooks": [],
              "afterHooks": [],
              "tests": [
                {
                  "title": "when user hit api get detail then user got response 200 and all data will be appears",
                  "fullTitle": "API Extension Clause Get Detail Extension Clause when user hit api get detail then user got response 200 and all data will be appears",
                  "timedOut": false,
                  "duration": 57,
                  "state": "passed",
                  "speed": "medium",
                  "pass": true,
                  "fail": false,
                  "pending": false,
                  "context": null,
                  "code": "const res = await EC_Getdetail.getdetailExtensionClause(global.ECids)\nassert(res.status).to.equal(200)\nassert(res.body.data[0]).to.have.property(\"id\").to.equal(global.ECids)\nassert(res.body.data[0]).to.have.property(\"service_group_id\").to.equal(global.ids)\nassert(res.body.data[0]).to.have.property(\"service_group_code\").to.equal(global.codes)\nassert(res.body.data[0]).to.have.property(\"code\")\nassert(res.body.data[0]).to.have.property(\"name\")\nassert(res.body.data[0]).to.have.property(\"description\")\nassert(res.body.data[0]).to.have.property(\"is_active\").to.equal(false)",
                  "err": {},
                  "uuid": "4b1050f4-0075-48d3-9fbc-c473d64e7f08",
                  "parentUUID": "e952be58-b7ee-4d0b-9bc3-bdaaab3e5b18",
                  "isHook": false,
                  "skipped": false
                },
                {
                  "title": "when user hit api get detail with wrong id then user got response error",
                  "fullTitle": "API Extension Clause Get Detail Extension Clause when user hit api get detail with wrong id then user got response error",
                  "timedOut": false,
                  "duration": 57,
                  "state": "passed",
                  "speed": "medium",
                  "pass": true,
                  "fail": false,
                  "pending": false,
                  "context": null,
                  "code": "const res = await EC_Getdetail.getdetailExtensionClause(datas.Extension_clause.wrongid)\nassert(res.status).to.equal(404)\nassert(res.body.response_desc.id).to.equal('error data tidak ditemukan')",
                  "err": {},
                  "uuid": "c402a76a-2c49-4e59-b2f1-1dadd3c06f10",
                  "parentUUID": "e952be58-b7ee-4d0b-9bc3-bdaaab3e5b18",
                  "isHook": false,
                  "skipped": false
                }
              ],
              "suites": [],
              "passes": [
                "4b1050f4-0075-48d3-9fbc-c473d64e7f08",
                "c402a76a-2c49-4e59-b2f1-1dadd3c06f10"
              ],
              "failures": [],
              "pending": [],
              "skipped": [],
              "duration": 114,
              "root": false,
              "rootEmpty": false,
              "_timeout": 180000
            },
            {
              "uuid": "b2eb3f13-9c05-4cbc-9c3b-01b81c79be01",
              "title": "update data Extension Clause",
              "fullFile": "/Users/ariotriguna/Repo/flash/test/suite_productService.js",
              "file": "/test/suite_productService.js",
              "beforeHooks": [],
              "afterHooks": [],
              "tests": [
                {
                  "title": "when user input corect data then user got response 200",
                  "fullTitle": "API Extension Clause update data Extension Clause when user input corect data then user got response 200",
                  "timedOut": false,
                  "duration": 69,
                  "state": "passed",
                  "speed": "medium",
                  "pass": true,
                  "fail": false,
                  "pending": false,
                  "context": null,
                  "code": "const res =  await EC_Update.updateExtensionClause(global.ECids, global.code1, global.name1, datas.Extension_clause.description, global.ECserviceCode1)\nassert(res.status).to.equal(200)",
                  "err": {},
                  "uuid": "626a9192-32f0-4ba8-80bf-67f5144899f1",
                  "parentUUID": "b2eb3f13-9c05-4cbc-9c3b-01b81c79be01",
                  "isHook": false,
                  "skipped": false
                }
              ],
              "suites": [],
              "passes": [
                "626a9192-32f0-4ba8-80bf-67f5144899f1"
              ],
              "failures": [],
              "pending": [],
              "skipped": [],
              "duration": 69,
              "root": false,
              "rootEmpty": false,
              "_timeout": 180000
            },
            {
              "uuid": "413705cc-b09d-4e39-9b39-2c1b33dfc890",
              "title": "Search data Extension Clause",
              "fullFile": "/Users/ariotriguna/Repo/flash/test/suite_productService.js",
              "file": "/test/suite_productService.js",
              "beforeHooks": [],
              "afterHooks": [],
              "tests": [
                {
                  "title": "when user input corect data then user got response 200",
                  "fullTitle": "API Extension Clause Search data Extension Clause when user input corect data then user got response 200",
                  "timedOut": false,
                  "duration": 59,
                  "state": "passed",
                  "speed": "medium",
                  "pass": true,
                  "fail": false,
                  "pending": false,
                  "context": null,
                  "code": "const res =  await EC_Search.searchExtensionClause(global.ECserviceCode1, global.code1, global.name1)\nif(res.status !== 200){\n    console.log(\"error search EC\" +res.text);\n}\nassert(res.status).to.equal(200)\nassert(res.body.data[0]).to.have.property(\"id\")\nassert(res.body.data[0]).to.have.property(\"service_group_id\")\nassert(res.body.data[0]).to.have.property(\"service_group_code\")\nassert(res.body.data[0]).to.have.property(\"code\")\nassert(res.body.data[0]).to.have.property(\"name\")\nassert(res.body.data[0]).to.have.property(\"description\")\nassert(res.body.data[0]).to.have.property(\"is_active\")",
                  "err": {},
                  "uuid": "a528ab72-4ebc-4670-9782-5fbb8f4ccd84",
                  "parentUUID": "413705cc-b09d-4e39-9b39-2c1b33dfc890",
                  "isHook": false,
                  "skipped": false
                },
                {
                  "title": "when user input data using invalid service group, then user got response error",
                  "fullTitle": "API Extension Clause Search data Extension Clause when user input data using invalid service group, then user got response error",
                  "timedOut": false,
                  "duration": 63,
                  "state": "passed",
                  "speed": "medium",
                  "pass": true,
                  "fail": false,
                  "pending": false,
                  "context": null,
                  "code": "const res =  await EC_Search.searchExtensionClause(datas.Extension_clause.invalid_service_group_code, global.code1, global.name1)\nassert(res.status).to.equal(400)\nassert(res.body.response_desc).to.have.property('id').to.equal('Product Search Extension Clause Data Tidak Ditemukan')",
                  "err": {},
                  "uuid": "a981a34d-c777-4de5-a36b-1d760d060f5b",
                  "parentUUID": "413705cc-b09d-4e39-9b39-2c1b33dfc890",
                  "isHook": false,
                  "skipped": false
                },
                {
                  "title": "when user input data using different_code and with same service group and same name, then user got response error",
                  "fullTitle": "API Extension Clause Search data Extension Clause when user input data using different_code and with same service group and same name, then user got response error",
                  "timedOut": false,
                  "duration": 60,
                  "state": "passed",
                  "speed": "medium",
                  "pass": true,
                  "fail": false,
                  "pending": false,
                  "context": null,
                  "code": "const res =  await EC_Search.searchExtensionClause(global.ECserviceCode1, global.code2, global.name1)\nassert(res.status).to.equal(400)\nassert(res.body.response_desc).to.have.property('id').to.equal('Product Search Extension Clause Data Tidak Ditemukan')",
                  "err": {},
                  "uuid": "ee749fac-55e6-4dc5-9f4f-0480f802684c",
                  "parentUUID": "413705cc-b09d-4e39-9b39-2c1b33dfc890",
                  "isHook": false,
                  "skipped": false
                },
                {
                  "title": "when user input data using different_name and with same service group and same code, then user got response error",
                  "fullTitle": "API Extension Clause Search data Extension Clause when user input data using different_name and with same service group and same code, then user got response error",
                  "timedOut": false,
                  "duration": 59,
                  "state": "passed",
                  "speed": "medium",
                  "pass": true,
                  "fail": false,
                  "pending": false,
                  "context": null,
                  "code": "const res =  await EC_Search.searchExtensionClause(global.ECserviceCode1, global.code1, global.name2)\nassert(res.status).to.equal(400)\nassert(res.body.response_desc).to.have.property('id').to.equal('Product Search Extension Clause Data Tidak Ditemukan')",
                  "err": {},
                  "uuid": "2dba24cf-28af-4e23-8b1f-7fecbce00000",
                  "parentUUID": "413705cc-b09d-4e39-9b39-2c1b33dfc890",
                  "isHook": false,
                  "skipped": false
                }
              ],
              "suites": [],
              "passes": [
                "a528ab72-4ebc-4670-9782-5fbb8f4ccd84",
                "a981a34d-c777-4de5-a36b-1d760d060f5b",
                "ee749fac-55e6-4dc5-9f4f-0480f802684c",
                "2dba24cf-28af-4e23-8b1f-7fecbce00000"
              ],
              "failures": [],
              "pending": [],
              "skipped": [],
              "duration": 241,
              "root": false,
              "rootEmpty": false,
              "_timeout": 180000
            }
          ],
          "passes": [],
          "failures": [],
          "pending": [],
          "skipped": [],
          "duration": 0,
          "root": false,
          "rootEmpty": false,
          "_timeout": 180000
        }
      ],
      "passes": [],
      "failures": [],
      "pending": [],
      "skipped": [],
      "duration": 0,
      "root": true,
      "rootEmpty": true,
      "_timeout": 180000
    }
  ],
  "meta": {
    "mocha": {
      "version": "9.2.2"
    },
    "mochawesome": {
      "options": {
        "quiet": false,
        "reportFilename": "mochawesome",
        "saveHtml": true,
        "saveJson": true,
        "consoleReporter": "spec",
        "useInlineDiffs": false,
        "code": true
      },
      "version": "7.1.3"
    },
    "marge": {
      "options": {
        "reportDir": "reports/mochawesome/"
      },
      "version": "6.2.0"
    }
  }
}