{
  "stats": {
    "suites": 15,
    "tests": 28,
    "passes": 28,
    "pending": 0,
    "failures": 0,
    "start": "2022-05-21T08:49:20.423Z",
    "end": "2022-05-21T08:49:37.317Z",
    "duration": 16894,
    "testsRegistered": 28,
    "passPercent": 100,
    "pendingPercent": 0,
    "other": 0,
    "hasOther": false,
    "skipped": 0,
    "hasSkipped": false
  },
  "results": [
    {
      "uuid": "7aaf89a1-0b12-4b31-952a-94f3935647da",
      "title": "",
      "fullFile": "",
      "file": "",
      "beforeHooks": [],
      "afterHooks": [],
      "tests": [],
      "suites": [
        {
          "uuid": "f3415cfd-863f-4e9e-874c-923ee7883575",
          "title": "API Service Group",
          "fullFile": "/home/runner/work/flash/flash/test/suite_productService.js",
          "file": "/test/suite_productService.js",
          "beforeHooks": [],
          "afterHooks": [],
          "tests": [],
          "suites": [
            {
              "uuid": "75915698-b479-4002-98f3-07629dc1b13c",
              "title": "Create Service Product",
              "fullFile": "/home/runner/work/flash/flash/test/suite_productService.js",
              "file": "/test/suite_productService.js",
              "beforeHooks": [],
              "afterHooks": [],
              "tests": [
                {
                  "title": "when user input corect data then user got response 200",
                  "fullTitle": "API Service Group Create Service Product when user input corect data then user got response 200",
                  "timedOut": false,
                  "duration": 720,
                  "state": "passed",
                  "speed": "slow",
                  "pass": true,
                  "fail": false,
                  "pending": false,
                  "context": null,
                  "code": "const res = await create.createServiceGroup(datas.service_Group.code, datas.service_Group.name, datas.service_Group.description)   \nif(res.status !==200){\n    console.log(\"create data : \"+res.status+\"||\" +res.text)\n}         \nassert(res.status).to.equal(200)\nglobal.ids = res.body.data[0].id\nglobal.names = res.body.data[0].name\nglobal.desc = res.body.data[0].description\nglobal.codes = res.body.data[0].code\nassert(res.body.data[0]).to.have.property(\"id\")\nassert(res.body.data[0]).to.have.property(\"code\")\nassert(res.body.data[0]).to.have.property(\"name\")\nassert(res.body.data[0]).to.have.property(\"description\")\nassert(res.body.data[0]).to.have.property(\"is_active\")",
                  "err": {},
                  "uuid": "72a12472-49b9-42e6-82c4-1ddf136dd337",
                  "parentUUID": "75915698-b479-4002-98f3-07629dc1b13c",
                  "isHook": false,
                  "skipped": false
                },
                {
                  "title": "when user input existing data, then user got response error",
                  "fullTitle": "API Service Group Create Service Product when user input existing data, then user got response error",
                  "timedOut": false,
                  "duration": 641,
                  "state": "passed",
                  "speed": "slow",
                  "pass": true,
                  "fail": false,
                  "pending": false,
                  "context": null,
                  "code": "const res = await create.createServiceGroup('TEST66', 'Alda', 'this is triger from automation tools')\nassert(res.status).to.equal(400)",
                  "err": {},
                  "uuid": "7436b553-a9ef-4040-955c-004686642c97",
                  "parentUUID": "75915698-b479-4002-98f3-07629dc1b13c",
                  "isHook": false,
                  "skipped": false
                },
                {
                  "title": "when user input data using existing code data, then user got response error",
                  "fullTitle": "API Service Group Create Service Product when user input data using existing code data, then user got response error",
                  "timedOut": false,
                  "duration": 618,
                  "state": "passed",
                  "speed": "slow",
                  "pass": true,
                  "fail": false,
                  "pending": false,
                  "context": null,
                  "code": "const res = await create.createServiceGroup('TEST66', datas.service_Group.name, datas.service_Group.description)\nassert(res.status).to.equal(400)",
                  "err": {},
                  "uuid": "2418b17c-d4fd-48a3-80ee-2b4c0833b948",
                  "parentUUID": "75915698-b479-4002-98f3-07629dc1b13c",
                  "isHook": false,
                  "skipped": false
                }
              ],
              "suites": [],
              "passes": [
                "72a12472-49b9-42e6-82c4-1ddf136dd337",
                "7436b553-a9ef-4040-955c-004686642c97",
                "2418b17c-d4fd-48a3-80ee-2b4c0833b948"
              ],
              "failures": [],
              "pending": [],
              "skipped": [],
              "duration": 1979,
              "root": false,
              "rootEmpty": false,
              "_timeout": 180000
            },
            {
              "uuid": "09307e6c-f47d-4dd1-8b81-ea072e9169ca",
              "title": "Get All Service Group",
              "fullFile": "/home/runner/work/flash/flash/test/suite_productService.js",
              "file": "/test/suite_productService.js",
              "beforeHooks": [],
              "afterHooks": [],
              "tests": [
                {
                  "title": "when user hit api get all then user got response 200 and all data will be appears",
                  "fullTitle": "API Service Group Get All Service Group when user hit api get all then user got response 200 and all data will be appears",
                  "timedOut": false,
                  "duration": 1007,
                  "state": "passed",
                  "speed": "slow",
                  "pass": true,
                  "fail": false,
                  "pending": false,
                  "context": null,
                  "code": "const res = await getAll.getallServiceGroup()\nif(res.status !==200){\n    console.log(\"getall data : \"+res.status+\"||\" +res.body.text)\n}\nassert(res.status).to.equal(200)\nassert(res.body.data[0]).to.have.property(\"id\")\nassert(res.body.data[0]).to.have.property(\"code\")\nassert(res.body.data[0]).to.have.property(\"name\")\nassert(res.body.data[0]).to.have.property(\"description\")\nassert(res.body.data[0]).to.have.property(\"is_active\")\nglobal.ids1 = res.body.data[1].id\nglobal.names1 = res.body.data[1].name\nglobal.desc1 = res.body.data[1].description\nglobal.codes1 = res.body.data[1].code",
                  "err": {},
                  "uuid": "4ebbf647-69e0-4da8-8f6a-506131381434",
                  "parentUUID": "09307e6c-f47d-4dd1-8b81-ea072e9169ca",
                  "isHook": false,
                  "skipped": false
                }
              ],
              "suites": [],
              "passes": [
                "4ebbf647-69e0-4da8-8f6a-506131381434"
              ],
              "failures": [],
              "pending": [],
              "skipped": [],
              "duration": 1007,
              "root": false,
              "rootEmpty": false,
              "_timeout": 180000
            },
            {
              "uuid": "ea6508be-a3b3-40ac-838c-820f68858b2b",
              "title": "Get All Public Service Group ",
              "fullFile": "/home/runner/work/flash/flash/test/suite_productService.js",
              "file": "/test/suite_productService.js",
              "beforeHooks": [],
              "afterHooks": [],
              "tests": [
                {
                  "title": "when user hit api get all public then user got response 200 and all data will be appears",
                  "fullTitle": "API Service Group Get All Public Service Group  when user hit api get all public then user got response 200 and all data will be appears",
                  "timedOut": false,
                  "duration": 545,
                  "state": "passed",
                  "speed": "slow",
                  "pass": true,
                  "fail": false,
                  "pending": false,
                  "context": null,
                  "code": "const res = await getAllpublic.getallpublicServiceGroup()\nif(res.status !==200){\n    console.log(\"getall data : \"+res.status+\"||\" +res.body.text)\n}\nassert(res.status).to.equal(200)\nassert(res.body.data[0]).to.have.property(\"id\")\nassert(res.body.data[0]).to.have.property(\"code\")\nassert(res.body.data[0]).to.have.property(\"name\")\nassert(res.body.data[0]).to.have.property(\"description\")\nassert(res.body.data[0]).to.have.property(\"is_active\")",
                  "err": {},
                  "uuid": "7a593d52-a837-44e0-bbd5-e2c37e048359",
                  "parentUUID": "ea6508be-a3b3-40ac-838c-820f68858b2b",
                  "isHook": false,
                  "skipped": false
                }
              ],
              "suites": [],
              "passes": [
                "7a593d52-a837-44e0-bbd5-e2c37e048359"
              ],
              "failures": [],
              "pending": [],
              "skipped": [],
              "duration": 545,
              "root": false,
              "rootEmpty": false,
              "_timeout": 180000
            },
            {
              "uuid": "b79c272f-c528-4a2c-8610-f0fe146c6663",
              "title": "Get Detail Public Service Group",
              "fullFile": "/home/runner/work/flash/flash/test/suite_productService.js",
              "file": "/test/suite_productService.js",
              "beforeHooks": [],
              "afterHooks": [],
              "tests": [
                {
                  "title": "when user hit api get detail public then user got response 200 and all data will be appears",
                  "fullTitle": "API Service Group Get Detail Public Service Group when user hit api get detail public then user got response 200 and all data will be appears",
                  "timedOut": false,
                  "duration": 675,
                  "state": "passed",
                  "speed": "slow",
                  "pass": true,
                  "fail": false,
                  "pending": false,
                  "context": null,
                  "code": "const res = await getdetailpublic.getdetailpublicServiceGroup(global.ids)\nif(res.status !==200){\n    console.log(\"getdetailpublic data : \"+res.status+\"||\" +res.body.text)\n}\nassert(res.status).to.equal(200)\nassert(res.body.data[0]).to.have.property(\"id\")\nassert(res.body.data[0]).to.have.property(\"code\")\nassert(res.body.data[0]).to.have.property(\"name\")\nassert(res.body.data[0]).to.have.property(\"description\")\nassert(res.body.data[0]).to.have.property(\"is_active\")",
                  "err": {},
                  "uuid": "32ad639d-1c6d-449b-b2ce-e8418b997c9c",
                  "parentUUID": "b79c272f-c528-4a2c-8610-f0fe146c6663",
                  "isHook": false,
                  "skipped": false
                },
                {
                  "title": "when user hit api get detail public with wrong id then user got response error",
                  "fullTitle": "API Service Group Get Detail Public Service Group when user hit api get detail public with wrong id then user got response error",
                  "timedOut": false,
                  "duration": 548,
                  "state": "passed",
                  "speed": "slow",
                  "pass": true,
                  "fail": false,
                  "pending": false,
                  "context": null,
                  "code": "const res = await getdetailpublic.getdetailpublicServiceGroup(datas.service_Group.wrongid)\nassert(res.status).to.equal(404)\nassert(res.body.response_desc).to.have.property(\"id\").to.equal(\"error data tidak ditemukan\")\nassert(res.body.response_desc).to.have.property(\"en\")",
                  "err": {},
                  "uuid": "0a49be7a-1db9-4469-bf0c-64d0bf7d4d26",
                  "parentUUID": "b79c272f-c528-4a2c-8610-f0fe146c6663",
                  "isHook": false,
                  "skipped": false
                }
              ],
              "suites": [],
              "passes": [
                "32ad639d-1c6d-449b-b2ce-e8418b997c9c",
                "0a49be7a-1db9-4469-bf0c-64d0bf7d4d26"
              ],
              "failures": [],
              "pending": [],
              "skipped": [],
              "duration": 1223,
              "root": false,
              "rootEmpty": false,
              "_timeout": 180000
            },
            {
              "uuid": "91c6ed5b-0403-477d-9977-27585fcac8f2",
              "title": "Get Detail Service Group",
              "fullFile": "/home/runner/work/flash/flash/test/suite_productService.js",
              "file": "/test/suite_productService.js",
              "beforeHooks": [],
              "afterHooks": [],
              "tests": [
                {
                  "title": "when user hit api get detail then user got response 200 and all data will be appears",
                  "fullTitle": "API Service Group Get Detail Service Group when user hit api get detail then user got response 200 and all data will be appears",
                  "timedOut": false,
                  "duration": 547,
                  "state": "passed",
                  "speed": "slow",
                  "pass": true,
                  "fail": false,
                  "pending": false,
                  "context": null,
                  "code": "const res = await getdetail.getdetailServiceGroup(global.ids)\nif(res.status !==200){\n    console.log(\"getdetail data : \"+res.status+\"||\" +res.body.text)\n}\nassert(res.status).to.equal(200)\nassert(res.body.data[0]).to.have.property(\"id\")\nassert(res.body.data[0]).to.have.property(\"code\")\nassert(res.body.data[0]).to.have.property(\"name\")\nassert(res.body.data[0]).to.have.property(\"description\")\nassert(res.body.data[0]).to.have.property(\"is_active\")",
                  "err": {},
                  "uuid": "f3ce3929-3a7e-42c9-b814-2724bf2c5e1d",
                  "parentUUID": "91c6ed5b-0403-477d-9977-27585fcac8f2",
                  "isHook": false,
                  "skipped": false
                },
                {
                  "title": "when user hit api get detail with wrong id then user got response error",
                  "fullTitle": "API Service Group Get Detail Service Group when user hit api get detail with wrong id then user got response error",
                  "timedOut": false,
                  "duration": 683,
                  "state": "passed",
                  "speed": "slow",
                  "pass": true,
                  "fail": false,
                  "pending": false,
                  "context": null,
                  "code": "const res = await getdetail.getdetailServiceGroup(datas.service_Group.wrongid)\nassert(res.status).to.equal(404)\nassert(res.body.response_desc).to.have.property(\"id\").to.equal(\"error data tidak ditemukan\")\nassert(res.body.response_desc).to.have.property(\"en\")",
                  "err": {},
                  "uuid": "2fed9fa7-b56c-4e94-9a7a-ac2bfd088faa",
                  "parentUUID": "91c6ed5b-0403-477d-9977-27585fcac8f2",
                  "isHook": false,
                  "skipped": false
                }
              ],
              "suites": [],
              "passes": [
                "f3ce3929-3a7e-42c9-b814-2724bf2c5e1d",
                "2fed9fa7-b56c-4e94-9a7a-ac2bfd088faa"
              ],
              "failures": [],
              "pending": [],
              "skipped": [],
              "duration": 1230,
              "root": false,
              "rootEmpty": false,
              "_timeout": 180000
            },
            {
              "uuid": "701a642b-0abf-47e7-ac43-418942bcb5b4",
              "title": "Update Service Product",
              "fullFile": "/home/runner/work/flash/flash/test/suite_productService.js",
              "file": "/test/suite_productService.js",
              "beforeHooks": [],
              "afterHooks": [],
              "tests": [
                {
                  "title": "when user input corect data then user got response 200",
                  "fullTitle": "API Service Group Update Service Product when user input corect data then user got response 200",
                  "timedOut": false,
                  "duration": 679,
                  "state": "passed",
                  "speed": "slow",
                  "pass": true,
                  "fail": false,
                  "pending": false,
                  "context": null,
                  "code": "const res = await update.updateServiceGroup(global.ids, datas.service_Group.code, datas.service_Group.name, datas.service_Group.description)   \nif(res.status !==200){\n    console.log(\"update data : \"+res.status+\"||\" +res.body.text)\n}\nassert(res.status).to.equal(200)\nassert(res.body.data[0]).to.have.property(\"id\")\nassert(res.body.data[0]).to.have.property(\"code\")\nassert(res.body.data[0]).to.have.property(\"name\")\nassert(res.body.data[0]).to.have.property(\"description\")\nassert(res.body.data[0]).to.have.property(\"is_active\")",
                  "err": {},
                  "uuid": "db31ac3e-da67-478a-8917-62958733f763",
                  "parentUUID": "701a642b-0abf-47e7-ac43-418942bcb5b4",
                  "isHook": false,
                  "skipped": false
                },
                {
                  "title": "when user input different code and same description and same name then user got response 200",
                  "fullTitle": "API Service Group Update Service Product when user input different code and same description and same name then user got response 200",
                  "timedOut": false,
                  "duration": 553,
                  "state": "passed",
                  "speed": "slow",
                  "pass": true,
                  "fail": false,
                  "pending": false,
                  "context": null,
                  "code": "const res = await update.updateServiceGroup(global.ids, datas.service_Group.code, global.names, global.desc)   \nif(res.status !==200){\n    console.log(\"update data : \"+res.status+\"||\" +res.body.text)\n}\nassert(res.status).to.equal(200)\nassert(res.body.data[0]).to.have.property(\"id\")\nassert(res.body.data[0]).to.have.property(\"code\")\nassert(res.body.data[0]).to.have.property(\"name\")\nassert(res.body.data[0]).to.have.property(\"description\")\nassert(res.body.data[0]).to.have.property(\"is_active\")",
                  "err": {},
                  "uuid": "4351a829-f274-4a69-89c6-ca8f1b76e70a",
                  "parentUUID": "701a642b-0abf-47e7-ac43-418942bcb5b4",
                  "isHook": false,
                  "skipped": false
                },
                {
                  "title": "when user input different name and same code then user got response 200",
                  "fullTitle": "API Service Group Update Service Product when user input different name and same code then user got response 200",
                  "timedOut": false,
                  "duration": 534,
                  "state": "passed",
                  "speed": "slow",
                  "pass": true,
                  "fail": false,
                  "pending": false,
                  "context": null,
                  "code": "const res = await update.updateServiceGroup(global.ids, global.codes, datas.service_Group.name, global.desc)   \nif(res.status !==200){\n    console.log(\"update data : \"+res.status+\"||\" +res.body.text)\n}\nassert(res.status).to.equal(200)\nassert(res.body.data[0]).to.have.property(\"id\")\nassert(res.body.data[0]).to.have.property(\"code\")\nassert(res.body.data[0]).to.have.property(\"name\")\nassert(res.body.data[0]).to.have.property(\"description\")\nassert(res.body.data[0]).to.have.property(\"is_active\")",
                  "err": {},
                  "uuid": "734c8e22-dc9b-4b81-9b79-82d2883245b0",
                  "parentUUID": "701a642b-0abf-47e7-ac43-418942bcb5b4",
                  "isHook": false,
                  "skipped": false
                },
                {
                  "title": "when user input different description and same code and same name then user got response 200",
                  "fullTitle": "API Service Group Update Service Product when user input different description and same code and same name then user got response 200",
                  "timedOut": false,
                  "duration": 555,
                  "state": "passed",
                  "speed": "slow",
                  "pass": true,
                  "fail": false,
                  "pending": false,
                  "context": null,
                  "code": "const res = await update.updateServiceGroup(global.ids, global.codes, global.names, datas.service_Group.description)   \nif(res.status !==200){\n    console.log(\"update data : \"+res.status+\"||\" +res.body.text)\n}\nassert(res.status).to.equal(200)\nassert(res.body.data[0]).to.have.property(\"id\")\nassert(res.body.data[0]).to.have.property(\"code\")\nassert(res.body.data[0]).to.have.property(\"name\")\nassert(res.body.data[0]).to.have.property(\"description\")\nassert(res.body.data[0]).to.have.property(\"is_active\")",
                  "err": {},
                  "uuid": "8e06b681-ef21-4e7f-8a0f-b018fe8bf2f1",
                  "parentUUID": "701a642b-0abf-47e7-ac43-418942bcb5b4",
                  "isHook": false,
                  "skipped": false
                },
                {
                  "title": "when user input same data, then user got response error",
                  "fullTitle": "API Service Group Update Service Product when user input same data, then user got response error",
                  "timedOut": false,
                  "duration": 547,
                  "state": "passed",
                  "speed": "slow",
                  "pass": true,
                  "fail": false,
                  "pending": false,
                  "context": null,
                  "code": "const res = await update.updateServiceGroup(global.ids, global.codes1, global.names1, global.desc1)   \nassert(res.status).to.equal(500)",
                  "err": {},
                  "uuid": "fb4e4dc7-77e4-4226-8f86-227fa98af47d",
                  "parentUUID": "701a642b-0abf-47e7-ac43-418942bcb5b4",
                  "isHook": false,
                  "skipped": false
                },
                {
                  "title": "when user input data using existing code data, then user got response error",
                  "fullTitle": "API Service Group Update Service Product when user input data using existing code data, then user got response error",
                  "timedOut": false,
                  "duration": 551,
                  "state": "passed",
                  "speed": "slow",
                  "pass": true,
                  "fail": false,
                  "pending": false,
                  "context": null,
                  "code": "const res = await update.updateServiceGroup(global.ids1, global.codes, datas.service_Group.name, datas.service_Group.description)   \nassert(res.status).to.equal(500)",
                  "err": {},
                  "uuid": "e4c3508e-0e1c-47c7-8d26-968d8f3df4eb",
                  "parentUUID": "701a642b-0abf-47e7-ac43-418942bcb5b4",
                  "isHook": false,
                  "skipped": false
                }
              ],
              "suites": [],
              "passes": [
                "db31ac3e-da67-478a-8917-62958733f763",
                "4351a829-f274-4a69-89c6-ca8f1b76e70a",
                "734c8e22-dc9b-4b81-9b79-82d2883245b0",
                "8e06b681-ef21-4e7f-8a0f-b018fe8bf2f1",
                "fb4e4dc7-77e4-4226-8f86-227fa98af47d",
                "e4c3508e-0e1c-47c7-8d26-968d8f3df4eb"
              ],
              "failures": [],
              "pending": [],
              "skipped": [],
              "duration": 3419,
              "root": false,
              "rootEmpty": false,
              "_timeout": 180000
            },
            {
              "uuid": "142dc611-ead8-4da7-aa62-76aa680f6c0a",
              "title": "Delete data Service Group",
              "fullFile": "/home/runner/work/flash/flash/test/suite_productService.js",
              "file": "/test/suite_productService.js",
              "beforeHooks": [],
              "afterHooks": [],
              "tests": [
                {
                  "title": "when user hit api delete with correct id then user got response 200 and data will be deleted",
                  "fullTitle": "API Service Group Delete data Service Group when user hit api delete with correct id then user got response 200 and data will be deleted",
                  "timedOut": false,
                  "duration": 546,
                  "state": "passed",
                  "speed": "slow",
                  "pass": true,
                  "fail": false,
                  "pending": false,
                  "context": null,
                  "code": "const res = await deleted.deleteServiceGroup(global.ids)\nassert(res.status).to.equal(200)",
                  "err": {},
                  "uuid": "a65e1a5f-6de4-4917-970f-78e3b0c24e2d",
                  "parentUUID": "142dc611-ead8-4da7-aa62-76aa680f6c0a",
                  "isHook": false,
                  "skipped": false
                },
                {
                  "title": "when user hit api delete with wrong id then user got response error",
                  "fullTitle": "API Service Group Delete data Service Group when user hit api delete with wrong id then user got response error",
                  "timedOut": false,
                  "duration": 546,
                  "state": "passed",
                  "speed": "slow",
                  "pass": true,
                  "fail": false,
                  "pending": false,
                  "context": null,
                  "code": "const res = await deleted.deleteServiceGroup(datas.service_Group.wrongid)\nassert(res.status).to.equal(404)",
                  "err": {},
                  "uuid": "cdafe57a-74be-4b0f-a076-5c63caae03de",
                  "parentUUID": "142dc611-ead8-4da7-aa62-76aa680f6c0a",
                  "isHook": false,
                  "skipped": false
                }
              ],
              "suites": [],
              "passes": [
                "a65e1a5f-6de4-4917-970f-78e3b0c24e2d",
                "cdafe57a-74be-4b0f-a076-5c63caae03de"
              ],
              "failures": [],
              "pending": [],
              "skipped": [],
              "duration": 1092,
              "root": false,
              "rootEmpty": false,
              "_timeout": 180000
            }
          ],
          "passes": [],
          "failures": [],
          "pending": [],
          "skipped": [],
          "duration": 0,
          "root": false,
          "rootEmpty": false,
          "_timeout": 180000
        },
        {
          "uuid": "ad4c1c9d-7bd6-4cad-8993-fad172f92b09",
          "title": "API Extension Clause",
          "fullFile": "/home/runner/work/flash/flash/test/suite_productService.js",
          "file": "/test/suite_productService.js",
          "beforeHooks": [],
          "afterHooks": [],
          "tests": [],
          "suites": [
            {
              "uuid": "e4b39169-3dca-41f9-9d47-4ec73ac80efa",
              "title": "Create ExtensionClause",
              "fullFile": "/home/runner/work/flash/flash/test/suite_productService.js",
              "file": "/test/suite_productService.js",
              "beforeHooks": [],
              "afterHooks": [],
              "tests": [
                {
                  "title": "when user input corect data then user got response 200",
                  "fullTitle": "API Extension Clause Create ExtensionClause when user input corect data then user got response 200",
                  "timedOut": false,
                  "duration": 555,
                  "state": "passed",
                  "speed": "slow",
                  "pass": true,
                  "fail": false,
                  "pending": false,
                  "context": null,
                  "code": "const res = await EC_create.createExtensionClause(datas.Extension_clause.code, datas.service_Group.name, datas.service_Group.description, global.codes)\nassert(res.status).to.equal(200)\nassert(res.body.data[0]).to.have.property(\"id\")\nassert(res.body.data[0]).to.have.property(\"service_group_id\").to.equal(global.ids)\nassert(res.body.data[0]).to.have.property(\"service_group_code\").to.equal(global.codes)\nassert(res.body.data[0]).to.have.property(\"code\")\nassert(res.body.data[0]).to.have.property(\"name\")\nassert(res.body.data[0]).to.have.property(\"description\")\nassert(res.body.data[0]).to.have.property(\"is_active\").to.equal(true)\nglobal.ECids = res.body.data[0].id",
                  "err": {},
                  "uuid": "1450b54a-5077-4095-88cb-d64a76675803",
                  "parentUUID": "e4b39169-3dca-41f9-9d47-4ec73ac80efa",
                  "isHook": false,
                  "skipped": false
                }
              ],
              "suites": [],
              "passes": [
                "1450b54a-5077-4095-88cb-d64a76675803"
              ],
              "failures": [],
              "pending": [],
              "skipped": [],
              "duration": 555,
              "root": false,
              "rootEmpty": false,
              "_timeout": 180000
            },
            {
              "uuid": "cd8f693d-7c8e-4574-ba3c-f112575ab9c6",
              "title": "Get all data Extension Clause",
              "fullFile": "/home/runner/work/flash/flash/test/suite_productService.js",
              "file": "/test/suite_productService.js",
              "beforeHooks": [],
              "afterHooks": [],
              "tests": [
                {
                  "title": "when user hit api get all then user got response 200 and all data will be appears",
                  "fullTitle": "API Extension Clause Get all data Extension Clause when user hit api get all then user got response 200 and all data will be appears",
                  "timedOut": false,
                  "duration": 918,
                  "state": "passed",
                  "speed": "slow",
                  "pass": true,
                  "fail": false,
                  "pending": false,
                  "context": null,
                  "code": "const res = await EC_Getall.getallExtensionClause()\nassert(res.status).to.equal(200)\nassert(res.body.data[0]).to.have.property(\"id\")\nassert(res.body.data[0]).to.have.property(\"service_group_id\")\nassert(res.body.data[0]).to.have.property(\"service_group_code\")\nassert(res.body.data[0]).to.have.property(\"code\")\nassert(res.body.data[0]).to.have.property(\"name\")\nassert(res.body.data[0]).to.have.property(\"description\")\nassert(res.body.data[0]).to.have.property(\"is_active\")\nglobal.ECids1 = res.body.data[1].id\nglobal.ECserviceCode1 = res.body.data[1].service_group_code\nglobal.code1 = res.body.data[1].code\nglobal.name1 = res.body.data[1].name\nglobal.code2 = res.body.data[0].code\nglobal.name2 = res.body.data[0].name",
                  "err": {},
                  "uuid": "754e0972-10b8-41f8-be51-32b717b51301",
                  "parentUUID": "cd8f693d-7c8e-4574-ba3c-f112575ab9c6",
                  "isHook": false,
                  "skipped": false
                }
              ],
              "suites": [],
              "passes": [
                "754e0972-10b8-41f8-be51-32b717b51301"
              ],
              "failures": [],
              "pending": [],
              "skipped": [],
              "duration": 918,
              "root": false,
              "rootEmpty": false,
              "_timeout": 180000
            },
            {
              "uuid": "7773f8df-3ebc-41b6-9b04-8a3ab48fe546",
              "title": "Delete data Extension Clause",
              "fullFile": "/home/runner/work/flash/flash/test/suite_productService.js",
              "file": "/test/suite_productService.js",
              "beforeHooks": [],
              "afterHooks": [],
              "tests": [
                {
                  "title": "when user hit api delete with correct id then user got response 200 and data will be deleted",
                  "fullTitle": "API Extension Clause Delete data Extension Clause when user hit api delete with correct id then user got response 200 and data will be deleted",
                  "timedOut": false,
                  "duration": 539,
                  "state": "passed",
                  "speed": "slow",
                  "pass": true,
                  "fail": false,
                  "pending": false,
                  "context": null,
                  "code": "const res = await EC_Delete.deleteExtensionClause(global.ECids)\nassert(res.status).to.equal(200)",
                  "err": {},
                  "uuid": "a58c4797-1ac0-484a-a16b-994438b201a8",
                  "parentUUID": "7773f8df-3ebc-41b6-9b04-8a3ab48fe546",
                  "isHook": false,
                  "skipped": false
                },
                {
                  "title": "when user hit api delete with wrong id then user got response error",
                  "fullTitle": "API Extension Clause Delete data Extension Clause when user hit api delete with wrong id then user got response error",
                  "timedOut": false,
                  "duration": 538,
                  "state": "passed",
                  "speed": "slow",
                  "pass": true,
                  "fail": false,
                  "pending": false,
                  "context": null,
                  "code": "const res = await EC_Delete.deleteExtensionClause(datas.Extension_clause.wrongid)\nassert(res.status).to.equal(400)\nassert(res.body.response_desc.id).to.equal('Product Extension Clause ID Tidak Ditemukan')",
                  "err": {},
                  "uuid": "e48b5ad6-7160-4d32-b005-6b79a60ecced",
                  "parentUUID": "7773f8df-3ebc-41b6-9b04-8a3ab48fe546",
                  "isHook": false,
                  "skipped": false
                }
              ],
              "suites": [],
              "passes": [
                "a58c4797-1ac0-484a-a16b-994438b201a8",
                "e48b5ad6-7160-4d32-b005-6b79a60ecced"
              ],
              "failures": [],
              "pending": [],
              "skipped": [],
              "duration": 1077,
              "root": false,
              "rootEmpty": false,
              "_timeout": 180000
            },
            {
              "uuid": "c689eec2-3cae-4819-bd31-4897dda6dcfb",
              "title": "Get Detail Extension Clause",
              "fullFile": "/home/runner/work/flash/flash/test/suite_productService.js",
              "file": "/test/suite_productService.js",
              "beforeHooks": [],
              "afterHooks": [],
              "tests": [
                {
                  "title": "when user hit api get detail then user got response 200 and all data will be appears",
                  "fullTitle": "API Extension Clause Get Detail Extension Clause when user hit api get detail then user got response 200 and all data will be appears",
                  "timedOut": false,
                  "duration": 539,
                  "state": "passed",
                  "speed": "slow",
                  "pass": true,
                  "fail": false,
                  "pending": false,
                  "context": null,
                  "code": "const res = await EC_Getdetail.getdetailExtensionClause(global.ECids)\nassert(res.status).to.equal(200)\nassert(res.body.data[0]).to.have.property(\"id\").to.equal(global.ECids)\nassert(res.body.data[0]).to.have.property(\"service_group_id\").to.equal(global.ids)\nassert(res.body.data[0]).to.have.property(\"service_group_code\").to.equal(global.codes)\nassert(res.body.data[0]).to.have.property(\"code\")\nassert(res.body.data[0]).to.have.property(\"name\")\nassert(res.body.data[0]).to.have.property(\"description\")\nassert(res.body.data[0]).to.have.property(\"is_active\").to.equal(false)",
                  "err": {},
                  "uuid": "f8b77698-461b-4ebf-87e7-bfb830e7d591",
                  "parentUUID": "c689eec2-3cae-4819-bd31-4897dda6dcfb",
                  "isHook": false,
                  "skipped": false
                },
                {
                  "title": "when user hit api get detail with wrong id then user got response error",
                  "fullTitle": "API Extension Clause Get Detail Extension Clause when user hit api get detail with wrong id then user got response error",
                  "timedOut": false,
                  "duration": 548,
                  "state": "passed",
                  "speed": "slow",
                  "pass": true,
                  "fail": false,
                  "pending": false,
                  "context": null,
                  "code": "const res = await EC_Getdetail.getdetailExtensionClause(datas.Extension_clause.wrongid)\nassert(res.status).to.equal(404)\nassert(res.body.response_desc.id).to.equal('error data tidak ditemukan')",
                  "err": {},
                  "uuid": "278d0371-3002-4cfd-8aff-ddc499e86b0e",
                  "parentUUID": "c689eec2-3cae-4819-bd31-4897dda6dcfb",
                  "isHook": false,
                  "skipped": false
                }
              ],
              "suites": [],
              "passes": [
                "f8b77698-461b-4ebf-87e7-bfb830e7d591",
                "278d0371-3002-4cfd-8aff-ddc499e86b0e"
              ],
              "failures": [],
              "pending": [],
              "skipped": [],
              "duration": 1087,
              "root": false,
              "rootEmpty": false,
              "_timeout": 180000
            },
            {
              "uuid": "08f0c814-23da-4404-99c4-b75a14181e18",
              "title": "update data Extension Clause",
              "fullFile": "/home/runner/work/flash/flash/test/suite_productService.js",
              "file": "/test/suite_productService.js",
              "beforeHooks": [],
              "afterHooks": [],
              "tests": [
                {
                  "title": "when user input corect data then user got response 200",
                  "fullTitle": "API Extension Clause update data Extension Clause when user input corect data then user got response 200",
                  "timedOut": false,
                  "duration": 551,
                  "state": "passed",
                  "speed": "slow",
                  "pass": true,
                  "fail": false,
                  "pending": false,
                  "context": null,
                  "code": "const res =  await EC_Update.updateExtensionClause(global.ECids, global.code1, global.name1, datas.Extension_clause.description, global.ECserviceCode1)\nassert(res.status).to.equal(200)",
                  "err": {},
                  "uuid": "c4aa9b65-f66b-4c24-8960-4382d86c391d",
                  "parentUUID": "08f0c814-23da-4404-99c4-b75a14181e18",
                  "isHook": false,
                  "skipped": false
                }
              ],
              "suites": [],
              "passes": [
                "c4aa9b65-f66b-4c24-8960-4382d86c391d"
              ],
              "failures": [],
              "pending": [],
              "skipped": [],
              "duration": 551,
              "root": false,
              "rootEmpty": false,
              "_timeout": 180000
            },
            {
              "uuid": "3dd4a9cd-a333-4d08-ae3b-630653ef2b67",
              "title": "Search data Extension Clause",
              "fullFile": "/home/runner/work/flash/flash/test/suite_productService.js",
              "file": "/test/suite_productService.js",
              "beforeHooks": [],
              "afterHooks": [],
              "tests": [
                {
                  "title": "when user input corect data then user got response 200",
                  "fullTitle": "API Extension Clause Search data Extension Clause when user input corect data then user got response 200",
                  "timedOut": false,
                  "duration": 548,
                  "state": "passed",
                  "speed": "slow",
                  "pass": true,
                  "fail": false,
                  "pending": false,
                  "context": null,
                  "code": "const res =  await EC_Search.searchExtensionClause(global.ECserviceCode1, global.code1, global.name1)\nif(res.status !== 200){\n    console.log(\"error search EC\" +res.text);\n}\nassert(res.status).to.equal(200)\nassert(res.body.data[0]).to.have.property(\"id\")\nassert(res.body.data[0]).to.have.property(\"service_group_id\")\nassert(res.body.data[0]).to.have.property(\"service_group_code\")\nassert(res.body.data[0]).to.have.property(\"code\")\nassert(res.body.data[0]).to.have.property(\"name\")\nassert(res.body.data[0]).to.have.property(\"description\")\nassert(res.body.data[0]).to.have.property(\"is_active\")",
                  "err": {},
                  "uuid": "d27201d1-276a-465d-b316-71570fd0f523",
                  "parentUUID": "3dd4a9cd-a333-4d08-ae3b-630653ef2b67",
                  "isHook": false,
                  "skipped": false
                },
                {
                  "title": "when user input data using invalid service group, then user got response error",
                  "fullTitle": "API Extension Clause Search data Extension Clause when user input data using invalid service group, then user got response error",
                  "timedOut": false,
                  "duration": 546,
                  "state": "passed",
                  "speed": "slow",
                  "pass": true,
                  "fail": false,
                  "pending": false,
                  "context": null,
                  "code": "const res =  await EC_Search.searchExtensionClause(datas.Extension_clause.invalid_service_group_code, global.code1, global.name1)\nassert(res.status).to.equal(400)\nassert(res.body.response_desc).to.have.property('id').to.equal('Product Search Extension Clause Data Tidak Ditemukan')",
                  "err": {},
                  "uuid": "13cdc8e8-763d-403e-a86c-e6b74cb3ee1d",
                  "parentUUID": "3dd4a9cd-a333-4d08-ae3b-630653ef2b67",
                  "isHook": false,
                  "skipped": false
                },
                {
                  "title": "when user input data using different_code and with same service group and same name, then user got response error",
                  "fullTitle": "API Extension Clause Search data Extension Clause when user input data using different_code and with same service group and same name, then user got response error",
                  "timedOut": false,
                  "duration": 544,
                  "state": "passed",
                  "speed": "slow",
                  "pass": true,
                  "fail": false,
                  "pending": false,
                  "context": null,
                  "code": "const res =  await EC_Search.searchExtensionClause(global.ECserviceCode1, global.code2, global.name1)\nassert(res.status).to.equal(400)\nassert(res.body.response_desc).to.have.property('id').to.equal('Product Search Extension Clause Data Tidak Ditemukan')",
                  "err": {},
                  "uuid": "07e3c88a-6d2d-4520-a140-9fc14391c639",
                  "parentUUID": "3dd4a9cd-a333-4d08-ae3b-630653ef2b67",
                  "isHook": false,
                  "skipped": false
                },
                {
                  "title": "when user input data using different_name and with same service group and same code, then user got response error",
                  "fullTitle": "API Extension Clause Search data Extension Clause when user input data using different_name and with same service group and same code, then user got response error",
                  "timedOut": false,
                  "duration": 541,
                  "state": "passed",
                  "speed": "slow",
                  "pass": true,
                  "fail": false,
                  "pending": false,
                  "context": null,
                  "code": "const res =  await EC_Search.searchExtensionClause(global.ECserviceCode1, global.code1, global.name2)\nassert(res.status).to.equal(400)\nassert(res.body.response_desc).to.have.property('id').to.equal('Product Search Extension Clause Data Tidak Ditemukan')",
                  "err": {},
                  "uuid": "91d6f92b-da57-40c3-8d6b-4626d2a332f2",
                  "parentUUID": "3dd4a9cd-a333-4d08-ae3b-630653ef2b67",
                  "isHook": false,
                  "skipped": false
                }
              ],
              "suites": [],
              "passes": [
                "d27201d1-276a-465d-b316-71570fd0f523",
                "13cdc8e8-763d-403e-a86c-e6b74cb3ee1d",
                "07e3c88a-6d2d-4520-a140-9fc14391c639",
                "91d6f92b-da57-40c3-8d6b-4626d2a332f2"
              ],
              "failures": [],
              "pending": [],
              "skipped": [],
              "duration": 2179,
              "root": false,
              "rootEmpty": false,
              "_timeout": 180000
            }
          ],
          "passes": [],
          "failures": [],
          "pending": [],
          "skipped": [],
          "duration": 0,
          "root": false,
          "rootEmpty": false,
          "_timeout": 180000
        }
      ],
      "passes": [],
      "failures": [],
      "pending": [],
      "skipped": [],
      "duration": 0,
      "root": true,
      "rootEmpty": true,
      "_timeout": 180000
    }
  ],
  "meta": {
    "mocha": {
      "version": "9.2.2"
    },
    "mochawesome": {
      "options": {
        "quiet": false,
        "reportFilename": "mochawesome",
        "saveHtml": true,
        "saveJson": true,
        "consoleReporter": "spec",
        "useInlineDiffs": false,
        "code": true
      },
      "version": "7.1.3"
    },
    "marge": {
      "options": {
        "reportDir": "reports/mochawesome/"
      },
      "version": "6.2.0"
    }
  }
}