{
  "stats": {
    "suites": 15,
    "tests": 28,
    "passes": 28,
    "pending": 0,
    "failures": 0,
    "start": "2022-05-22T04:32:56.590Z",
    "end": "2022-05-22T04:33:17.951Z",
    "duration": 21361,
    "testsRegistered": 28,
    "passPercent": 100,
    "pendingPercent": 0,
    "other": 0,
    "hasOther": false,
    "skipped": 0,
    "hasSkipped": false
  },
  "results": [
    {
      "uuid": "a9aecdf9-6cad-4bcb-8226-d04a321ce64f",
      "title": "",
      "fullFile": "",
      "file": "",
      "beforeHooks": [],
      "afterHooks": [],
      "tests": [],
      "suites": [
        {
          "uuid": "84471e5a-3356-48cd-871f-782b15fddf99",
          "title": "API Service Group",
          "fullFile": "/home/runner/work/flash/flash/test/suite_productService.js",
          "file": "/test/suite_productService.js",
          "beforeHooks": [],
          "afterHooks": [],
          "tests": [],
          "suites": [
            {
              "uuid": "aeee6c94-25af-42af-b1d3-7f8c42dd16b9",
              "title": "Create Service Product",
              "fullFile": "/home/runner/work/flash/flash/test/suite_productService.js",
              "file": "/test/suite_productService.js",
              "beforeHooks": [],
              "afterHooks": [],
              "tests": [
                {
                  "title": "when user input corect data then user got response 200",
                  "fullTitle": "API Service Group Create Service Product when user input corect data then user got response 200",
                  "timedOut": false,
                  "duration": 808,
                  "state": "passed",
                  "speed": "slow",
                  "pass": true,
                  "fail": false,
                  "pending": false,
                  "context": null,
                  "code": "const res = await create.createServiceGroup(datas.service_Group.code, datas.service_Group.name, datas.service_Group.description)   \nif(res.status !==200){\n    console.log(\"create data : \"+res.status+\"||\" +res.text)\n}         \nassert(res.status).to.equal(200)\nglobal.ids = res.body.data[0].id\nglobal.names = res.body.data[0].name\nglobal.desc = res.body.data[0].description\nglobal.codes = res.body.data[0].code\nassert(res.body.data[0]).to.have.property(\"id\")\nassert(res.body.data[0]).to.have.property(\"code\")\nassert(res.body.data[0]).to.have.property(\"name\")\nassert(res.body.data[0]).to.have.property(\"description\")\nassert(res.body.data[0]).to.have.property(\"is_active\")",
                  "err": {},
                  "uuid": "02e82bba-865b-4d9a-b26c-a763b16f2d24",
                  "parentUUID": "aeee6c94-25af-42af-b1d3-7f8c42dd16b9",
                  "isHook": false,
                  "skipped": false
                },
                {
                  "title": "when user input existing data, then user got response error",
                  "fullTitle": "API Service Group Create Service Product when user input existing data, then user got response error",
                  "timedOut": false,
                  "duration": 703,
                  "state": "passed",
                  "speed": "slow",
                  "pass": true,
                  "fail": false,
                  "pending": false,
                  "context": null,
                  "code": "const res = await create.createServiceGroup('TEST66', 'Alda', 'this is triger from automation tools')\nassert(res.status).to.equal(400)",
                  "err": {},
                  "uuid": "3f4da501-5bf6-4962-860b-b5d32ea24525",
                  "parentUUID": "aeee6c94-25af-42af-b1d3-7f8c42dd16b9",
                  "isHook": false,
                  "skipped": false
                },
                {
                  "title": "when user input data using existing code data, then user got response error",
                  "fullTitle": "API Service Group Create Service Product when user input data using existing code data, then user got response error",
                  "timedOut": false,
                  "duration": 750,
                  "state": "passed",
                  "speed": "slow",
                  "pass": true,
                  "fail": false,
                  "pending": false,
                  "context": null,
                  "code": "const res = await create.createServiceGroup('TEST66', datas.service_Group.name, datas.service_Group.description)\nassert(res.status).to.equal(400)",
                  "err": {},
                  "uuid": "5702f34a-bfc7-4924-bb6b-8ae32b92d3b4",
                  "parentUUID": "aeee6c94-25af-42af-b1d3-7f8c42dd16b9",
                  "isHook": false,
                  "skipped": false
                }
              ],
              "suites": [],
              "passes": [
                "02e82bba-865b-4d9a-b26c-a763b16f2d24",
                "3f4da501-5bf6-4962-860b-b5d32ea24525",
                "5702f34a-bfc7-4924-bb6b-8ae32b92d3b4"
              ],
              "failures": [],
              "pending": [],
              "skipped": [],
              "duration": 2261,
              "root": false,
              "rootEmpty": false,
              "_timeout": 180000
            },
            {
              "uuid": "c6487cdf-c002-4f5a-9c57-339399815341",
              "title": "Get All Service Group",
              "fullFile": "/home/runner/work/flash/flash/test/suite_productService.js",
              "file": "/test/suite_productService.js",
              "beforeHooks": [],
              "afterHooks": [],
              "tests": [
                {
                  "title": "when user hit api get all then user got response 200 and all data will be appears",
                  "fullTitle": "API Service Group Get All Service Group when user hit api get all then user got response 200 and all data will be appears",
                  "timedOut": false,
                  "duration": 1208,
                  "state": "passed",
                  "speed": "slow",
                  "pass": true,
                  "fail": false,
                  "pending": false,
                  "context": null,
                  "code": "const res = await getAll.getallServiceGroup()\nif(res.status !==200){\n    console.log(\"getall data : \"+res.status+\"||\" +res.body.text)\n}\nassert(res.status).to.equal(200)\nassert(res.body.data[0]).to.have.property(\"id\")\nassert(res.body.data[0]).to.have.property(\"code\")\nassert(res.body.data[0]).to.have.property(\"name\")\nassert(res.body.data[0]).to.have.property(\"description\")\nassert(res.body.data[0]).to.have.property(\"is_active\")\nglobal.ids1 = res.body.data[1].id\nglobal.names1 = res.body.data[1].name\nglobal.desc1 = res.body.data[1].description\nglobal.codes1 = res.body.data[1].code",
                  "err": {},
                  "uuid": "b3553a7a-6955-4c6e-a78a-d61f538a6d5c",
                  "parentUUID": "c6487cdf-c002-4f5a-9c57-339399815341",
                  "isHook": false,
                  "skipped": false
                }
              ],
              "suites": [],
              "passes": [
                "b3553a7a-6955-4c6e-a78a-d61f538a6d5c"
              ],
              "failures": [],
              "pending": [],
              "skipped": [],
              "duration": 1208,
              "root": false,
              "rootEmpty": false,
              "_timeout": 180000
            },
            {
              "uuid": "565f4797-b474-4287-8c5a-21768da1697e",
              "title": "Get All Public Service Group ",
              "fullFile": "/home/runner/work/flash/flash/test/suite_productService.js",
              "file": "/test/suite_productService.js",
              "beforeHooks": [],
              "afterHooks": [],
              "tests": [
                {
                  "title": "when user hit api get all public then user got response 200 and all data will be appears",
                  "fullTitle": "API Service Group Get All Public Service Group  when user hit api get all public then user got response 200 and all data will be appears",
                  "timedOut": false,
                  "duration": 745,
                  "state": "passed",
                  "speed": "slow",
                  "pass": true,
                  "fail": false,
                  "pending": false,
                  "context": null,
                  "code": "const res = await getAllpublic.getallpublicServiceGroup()\nif(res.status !==200){\n    console.log(\"getall data : \"+res.status+\"||\" +res.body.text)\n}\nassert(res.status).to.equal(200)\nassert(res.body.data[0]).to.have.property(\"id\")\nassert(res.body.data[0]).to.have.property(\"code\")\nassert(res.body.data[0]).to.have.property(\"name\")\nassert(res.body.data[0]).to.have.property(\"description\")\nassert(res.body.data[0]).to.have.property(\"is_active\")",
                  "err": {},
                  "uuid": "8b94864f-68cf-479d-9c07-ea0a4ca90fe2",
                  "parentUUID": "565f4797-b474-4287-8c5a-21768da1697e",
                  "isHook": false,
                  "skipped": false
                }
              ],
              "suites": [],
              "passes": [
                "8b94864f-68cf-479d-9c07-ea0a4ca90fe2"
              ],
              "failures": [],
              "pending": [],
              "skipped": [],
              "duration": 745,
              "root": false,
              "rootEmpty": false,
              "_timeout": 180000
            },
            {
              "uuid": "d302cb32-9d13-4d77-9024-0e80ca0a1386",
              "title": "Get Detail Public Service Group",
              "fullFile": "/home/runner/work/flash/flash/test/suite_productService.js",
              "file": "/test/suite_productService.js",
              "beforeHooks": [],
              "afterHooks": [],
              "tests": [
                {
                  "title": "when user hit api get detail public then user got response 200 and all data will be appears",
                  "fullTitle": "API Service Group Get Detail Public Service Group when user hit api get detail public then user got response 200 and all data will be appears",
                  "timedOut": false,
                  "duration": 721,
                  "state": "passed",
                  "speed": "slow",
                  "pass": true,
                  "fail": false,
                  "pending": false,
                  "context": null,
                  "code": "const res = await getdetailpublic.getdetailpublicServiceGroup(global.ids)\nif(res.status !==200){\n    console.log(\"getdetailpublic data : \"+res.status+\"||\" +res.body.text)\n}\nassert(res.status).to.equal(200)\nassert(res.body.data[0]).to.have.property(\"id\")\nassert(res.body.data[0]).to.have.property(\"code\")\nassert(res.body.data[0]).to.have.property(\"name\")\nassert(res.body.data[0]).to.have.property(\"description\")\nassert(res.body.data[0]).to.have.property(\"is_active\")",
                  "err": {},
                  "uuid": "a760954b-7568-4858-bf4c-58019bd393c9",
                  "parentUUID": "d302cb32-9d13-4d77-9024-0e80ca0a1386",
                  "isHook": false,
                  "skipped": false
                },
                {
                  "title": "when user hit api get detail public with wrong id then user got response error",
                  "fullTitle": "API Service Group Get Detail Public Service Group when user hit api get detail public with wrong id then user got response error",
                  "timedOut": false,
                  "duration": 747,
                  "state": "passed",
                  "speed": "slow",
                  "pass": true,
                  "fail": false,
                  "pending": false,
                  "context": null,
                  "code": "const res = await getdetailpublic.getdetailpublicServiceGroup(datas.service_Group.wrongid)\nassert(res.status).to.equal(404)\nassert(res.body.response_desc).to.have.property(\"id\").to.equal(\"error data tidak ditemukan\")\nassert(res.body.response_desc).to.have.property(\"en\")",
                  "err": {},
                  "uuid": "612f4a09-f3e2-4d05-ac94-98d49bb9500b",
                  "parentUUID": "d302cb32-9d13-4d77-9024-0e80ca0a1386",
                  "isHook": false,
                  "skipped": false
                }
              ],
              "suites": [],
              "passes": [
                "a760954b-7568-4858-bf4c-58019bd393c9",
                "612f4a09-f3e2-4d05-ac94-98d49bb9500b"
              ],
              "failures": [],
              "pending": [],
              "skipped": [],
              "duration": 1468,
              "root": false,
              "rootEmpty": false,
              "_timeout": 180000
            },
            {
              "uuid": "c4f727c4-f2b5-4121-b0ac-1e5212fe70e4",
              "title": "Get Detail Service Group",
              "fullFile": "/home/runner/work/flash/flash/test/suite_productService.js",
              "file": "/test/suite_productService.js",
              "beforeHooks": [],
              "afterHooks": [],
              "tests": [
                {
                  "title": "when user hit api get detail then user got response 200 and all data will be appears",
                  "fullTitle": "API Service Group Get Detail Service Group when user hit api get detail then user got response 200 and all data will be appears",
                  "timedOut": false,
                  "duration": 703,
                  "state": "passed",
                  "speed": "slow",
                  "pass": true,
                  "fail": false,
                  "pending": false,
                  "context": null,
                  "code": "const res = await getdetail.getdetailServiceGroup(global.ids)\nif(res.status !==200){\n    console.log(\"getdetail data : \"+res.status+\"||\" +res.body.text)\n}\nassert(res.status).to.equal(200)\nassert(res.body.data[0]).to.have.property(\"id\")\nassert(res.body.data[0]).to.have.property(\"code\")\nassert(res.body.data[0]).to.have.property(\"name\")\nassert(res.body.data[0]).to.have.property(\"description\")\nassert(res.body.data[0]).to.have.property(\"is_active\")",
                  "err": {},
                  "uuid": "0b169773-3c74-42aa-97ef-9b04093cc7b6",
                  "parentUUID": "c4f727c4-f2b5-4121-b0ac-1e5212fe70e4",
                  "isHook": false,
                  "skipped": false
                },
                {
                  "title": "when user hit api get detail with wrong id then user got response error",
                  "fullTitle": "API Service Group Get Detail Service Group when user hit api get detail with wrong id then user got response error",
                  "timedOut": false,
                  "duration": 703,
                  "state": "passed",
                  "speed": "slow",
                  "pass": true,
                  "fail": false,
                  "pending": false,
                  "context": null,
                  "code": "const res = await getdetail.getdetailServiceGroup(datas.service_Group.wrongid)\nassert(res.status).to.equal(404)\nassert(res.body.response_desc).to.have.property(\"id\").to.equal(\"error data tidak ditemukan\")\nassert(res.body.response_desc).to.have.property(\"en\")",
                  "err": {},
                  "uuid": "cb536f28-5154-46c3-8e7b-23820af6d239",
                  "parentUUID": "c4f727c4-f2b5-4121-b0ac-1e5212fe70e4",
                  "isHook": false,
                  "skipped": false
                }
              ],
              "suites": [],
              "passes": [
                "0b169773-3c74-42aa-97ef-9b04093cc7b6",
                "cb536f28-5154-46c3-8e7b-23820af6d239"
              ],
              "failures": [],
              "pending": [],
              "skipped": [],
              "duration": 1406,
              "root": false,
              "rootEmpty": false,
              "_timeout": 180000
            },
            {
              "uuid": "f61ef5d6-29f6-4375-97ae-dc94121d7e10",
              "title": "Update Service Product",
              "fullFile": "/home/runner/work/flash/flash/test/suite_productService.js",
              "file": "/test/suite_productService.js",
              "beforeHooks": [],
              "afterHooks": [],
              "tests": [
                {
                  "title": "when user input corect data then user got response 200",
                  "fullTitle": "API Service Group Update Service Product when user input corect data then user got response 200",
                  "timedOut": false,
                  "duration": 741,
                  "state": "passed",
                  "speed": "slow",
                  "pass": true,
                  "fail": false,
                  "pending": false,
                  "context": null,
                  "code": "const res = await update.updateServiceGroup(global.ids, datas.service_Group.code, datas.service_Group.name, datas.service_Group.description)   \nif(res.status !==200){\n    console.log(\"update data : \"+res.status+\"||\" +res.body.text)\n}\nassert(res.status).to.equal(200)\nassert(res.body.data[0]).to.have.property(\"id\")\nassert(res.body.data[0]).to.have.property(\"code\")\nassert(res.body.data[0]).to.have.property(\"name\")\nassert(res.body.data[0]).to.have.property(\"description\")\nassert(res.body.data[0]).to.have.property(\"is_active\")",
                  "err": {},
                  "uuid": "2ab7670f-27cf-4aaf-b8d6-69f3f701c07c",
                  "parentUUID": "f61ef5d6-29f6-4375-97ae-dc94121d7e10",
                  "isHook": false,
                  "skipped": false
                },
                {
                  "title": "when user input different code and same description and same name then user got response 200",
                  "fullTitle": "API Service Group Update Service Product when user input different code and same description and same name then user got response 200",
                  "timedOut": false,
                  "duration": 724,
                  "state": "passed",
                  "speed": "slow",
                  "pass": true,
                  "fail": false,
                  "pending": false,
                  "context": null,
                  "code": "const res = await update.updateServiceGroup(global.ids, datas.service_Group.code, global.names, global.desc)   \nif(res.status !==200){\n    console.log(\"update data : \"+res.status+\"||\" +res.body.text)\n}\nassert(res.status).to.equal(200)\nassert(res.body.data[0]).to.have.property(\"id\")\nassert(res.body.data[0]).to.have.property(\"code\")\nassert(res.body.data[0]).to.have.property(\"name\")\nassert(res.body.data[0]).to.have.property(\"description\")\nassert(res.body.data[0]).to.have.property(\"is_active\")",
                  "err": {},
                  "uuid": "10944b5a-dd58-449d-9c0d-9e3938393579",
                  "parentUUID": "f61ef5d6-29f6-4375-97ae-dc94121d7e10",
                  "isHook": false,
                  "skipped": false
                },
                {
                  "title": "when user input different name and same code then user got response 200",
                  "fullTitle": "API Service Group Update Service Product when user input different name and same code then user got response 200",
                  "timedOut": false,
                  "duration": 721,
                  "state": "passed",
                  "speed": "slow",
                  "pass": true,
                  "fail": false,
                  "pending": false,
                  "context": null,
                  "code": "const res = await update.updateServiceGroup(global.ids, global.codes, datas.service_Group.name, global.desc)   \nif(res.status !==200){\n    console.log(\"update data : \"+res.status+\"||\" +res.body.text)\n}\nassert(res.status).to.equal(200)\nassert(res.body.data[0]).to.have.property(\"id\")\nassert(res.body.data[0]).to.have.property(\"code\")\nassert(res.body.data[0]).to.have.property(\"name\")\nassert(res.body.data[0]).to.have.property(\"description\")\nassert(res.body.data[0]).to.have.property(\"is_active\")",
                  "err": {},
                  "uuid": "434abdbf-25af-4cf1-aaa0-14dd7679e1a8",
                  "parentUUID": "f61ef5d6-29f6-4375-97ae-dc94121d7e10",
                  "isHook": false,
                  "skipped": false
                },
                {
                  "title": "when user input different description and same code and same name then user got response 200",
                  "fullTitle": "API Service Group Update Service Product when user input different description and same code and same name then user got response 200",
                  "timedOut": false,
                  "duration": 754,
                  "state": "passed",
                  "speed": "slow",
                  "pass": true,
                  "fail": false,
                  "pending": false,
                  "context": null,
                  "code": "const res = await update.updateServiceGroup(global.ids, global.codes, global.names, datas.service_Group.description)   \nif(res.status !==200){\n    console.log(\"update data : \"+res.status+\"||\" +res.body.text)\n}\nassert(res.status).to.equal(200)\nassert(res.body.data[0]).to.have.property(\"id\")\nassert(res.body.data[0]).to.have.property(\"code\")\nassert(res.body.data[0]).to.have.property(\"name\")\nassert(res.body.data[0]).to.have.property(\"description\")\nassert(res.body.data[0]).to.have.property(\"is_active\")",
                  "err": {},
                  "uuid": "550b6785-c6dc-4cb9-add9-58f8514efe69",
                  "parentUUID": "f61ef5d6-29f6-4375-97ae-dc94121d7e10",
                  "isHook": false,
                  "skipped": false
                },
                {
                  "title": "when user input same data, then user got response error",
                  "fullTitle": "API Service Group Update Service Product when user input same data, then user got response error",
                  "timedOut": false,
                  "duration": 724,
                  "state": "passed",
                  "speed": "slow",
                  "pass": true,
                  "fail": false,
                  "pending": false,
                  "context": null,
                  "code": "const res = await update.updateServiceGroup(global.ids, global.codes1, global.names1, global.desc1)   \nassert(res.status).to.equal(500)",
                  "err": {},
                  "uuid": "dc2ce870-2e17-4660-abf0-b477ad4d13fa",
                  "parentUUID": "f61ef5d6-29f6-4375-97ae-dc94121d7e10",
                  "isHook": false,
                  "skipped": false
                },
                {
                  "title": "when user input data using existing code data, then user got response error",
                  "fullTitle": "API Service Group Update Service Product when user input data using existing code data, then user got response error",
                  "timedOut": false,
                  "duration": 765,
                  "state": "passed",
                  "speed": "slow",
                  "pass": true,
                  "fail": false,
                  "pending": false,
                  "context": null,
                  "code": "const res = await update.updateServiceGroup(global.ids1, global.codes, datas.service_Group.name, datas.service_Group.description)   \nassert(res.status).to.equal(500)",
                  "err": {},
                  "uuid": "f7f513b6-8f55-4e8e-9554-200c6418afa2",
                  "parentUUID": "f61ef5d6-29f6-4375-97ae-dc94121d7e10",
                  "isHook": false,
                  "skipped": false
                }
              ],
              "suites": [],
              "passes": [
                "2ab7670f-27cf-4aaf-b8d6-69f3f701c07c",
                "10944b5a-dd58-449d-9c0d-9e3938393579",
                "434abdbf-25af-4cf1-aaa0-14dd7679e1a8",
                "550b6785-c6dc-4cb9-add9-58f8514efe69",
                "dc2ce870-2e17-4660-abf0-b477ad4d13fa",
                "f7f513b6-8f55-4e8e-9554-200c6418afa2"
              ],
              "failures": [],
              "pending": [],
              "skipped": [],
              "duration": 4429,
              "root": false,
              "rootEmpty": false,
              "_timeout": 180000
            },
            {
              "uuid": "fbaca56d-4689-412c-90c6-32408d38d0ab",
              "title": "Delete data Service Group",
              "fullFile": "/home/runner/work/flash/flash/test/suite_productService.js",
              "file": "/test/suite_productService.js",
              "beforeHooks": [],
              "afterHooks": [],
              "tests": [
                {
                  "title": "when user hit api delete with correct id then user got response 200 and data will be deleted",
                  "fullTitle": "API Service Group Delete data Service Group when user hit api delete with correct id then user got response 200 and data will be deleted",
                  "timedOut": false,
                  "duration": 713,
                  "state": "passed",
                  "speed": "slow",
                  "pass": true,
                  "fail": false,
                  "pending": false,
                  "context": null,
                  "code": "const res = await deleted.deleteServiceGroup(global.ids)\nassert(res.status).to.equal(200)",
                  "err": {},
                  "uuid": "c010ae62-df13-43fd-b080-dab3bac9429d",
                  "parentUUID": "fbaca56d-4689-412c-90c6-32408d38d0ab",
                  "isHook": false,
                  "skipped": false
                },
                {
                  "title": "when user hit api delete with wrong id then user got response error",
                  "fullTitle": "API Service Group Delete data Service Group when user hit api delete with wrong id then user got response error",
                  "timedOut": false,
                  "duration": 725,
                  "state": "passed",
                  "speed": "slow",
                  "pass": true,
                  "fail": false,
                  "pending": false,
                  "context": null,
                  "code": "const res = await deleted.deleteServiceGroup(datas.service_Group.wrongid)\nassert(res.status).to.equal(404)",
                  "err": {},
                  "uuid": "7e03fe05-2939-4c93-b3e3-8ef5ca507614",
                  "parentUUID": "fbaca56d-4689-412c-90c6-32408d38d0ab",
                  "isHook": false,
                  "skipped": false
                }
              ],
              "suites": [],
              "passes": [
                "c010ae62-df13-43fd-b080-dab3bac9429d",
                "7e03fe05-2939-4c93-b3e3-8ef5ca507614"
              ],
              "failures": [],
              "pending": [],
              "skipped": [],
              "duration": 1438,
              "root": false,
              "rootEmpty": false,
              "_timeout": 180000
            }
          ],
          "passes": [],
          "failures": [],
          "pending": [],
          "skipped": [],
          "duration": 0,
          "root": false,
          "rootEmpty": false,
          "_timeout": 180000
        },
        {
          "uuid": "a99d1275-aa3b-4abf-80ae-55a1a93fcdd9",
          "title": "API Extension Clause",
          "fullFile": "/home/runner/work/flash/flash/test/suite_productService.js",
          "file": "/test/suite_productService.js",
          "beforeHooks": [],
          "afterHooks": [],
          "tests": [],
          "suites": [
            {
              "uuid": "cccea717-55ef-4717-b53a-b34d050e7385",
              "title": "Create ExtensionClause",
              "fullFile": "/home/runner/work/flash/flash/test/suite_productService.js",
              "file": "/test/suite_productService.js",
              "beforeHooks": [],
              "afterHooks": [],
              "tests": [
                {
                  "title": "when user input corect data then user got response 200",
                  "fullTitle": "API Extension Clause Create ExtensionClause when user input corect data then user got response 200",
                  "timedOut": false,
                  "duration": 711,
                  "state": "passed",
                  "speed": "slow",
                  "pass": true,
                  "fail": false,
                  "pending": false,
                  "context": null,
                  "code": "const res = await EC_create.createExtensionClause(datas.Extension_clause.code, datas.service_Group.name, datas.service_Group.description, global.codes)\nassert(res.status).to.equal(200)\nassert(res.body.data[0]).to.have.property(\"id\")\nassert(res.body.data[0]).to.have.property(\"service_group_id\").to.equal(global.ids)\nassert(res.body.data[0]).to.have.property(\"service_group_code\").to.equal(global.codes)\nassert(res.body.data[0]).to.have.property(\"code\")\nassert(res.body.data[0]).to.have.property(\"name\")\nassert(res.body.data[0]).to.have.property(\"description\")\nassert(res.body.data[0]).to.have.property(\"is_active\").to.equal(true)\nglobal.ECids = res.body.data[0].id",
                  "err": {},
                  "uuid": "5b0aa239-d1bf-4355-ad69-0871d3870790",
                  "parentUUID": "cccea717-55ef-4717-b53a-b34d050e7385",
                  "isHook": false,
                  "skipped": false
                }
              ],
              "suites": [],
              "passes": [
                "5b0aa239-d1bf-4355-ad69-0871d3870790"
              ],
              "failures": [],
              "pending": [],
              "skipped": [],

              "duration": 711,
              "root": false,
              "rootEmpty": false,
              "_timeout": 180000
            },
            {
              "uuid": "57f04627-e3bb-429e-8145-6c2f29fb2956",
              "title": "Get all data Extension Clause",
              "fullFile": "/home/runner/work/flash/flash/test/suite_productService.js",
              "file": "/test/suite_productService.js",
              "beforeHooks": [],
              "afterHooks": [],
              "tests": [
                {
                  "title": "when user hit api get all then user got response 200 and all data will be appears",
                  "fullTitle": "API Extension Clause Get all data Extension Clause when user hit api get all then user got response 200 and all data will be appears",
                  "timedOut": false,
                  "duration": 1211,
                  "state": "passed",
                  "speed": "slow",
                  "pass": true,
                  "fail": false,
                  "pending": false,
                  "context": null,
                  "code": "const res = await EC_Getall.getallExtensionClause()\nassert(res.status).to.equal(200)\nassert(res.body.data[0]).to.have.property(\"id\")\nassert(res.body.data[0]).to.have.property(\"service_group_id\")\nassert(res.body.data[0]).to.have.property(\"service_group_code\")\nassert(res.body.data[0]).to.have.property(\"code\")\nassert(res.body.data[0]).to.have.property(\"name\")\nassert(res.body.data[0]).to.have.property(\"description\")\nassert(res.body.data[0]).to.have.property(\"is_active\")\nglobal.ECids1 = res.body.data[1].id\nglobal.ECserviceCode1 = res.body.data[1].service_group_code\nglobal.code1 = res.body.data[1].code\nglobal.name1 = res.body.data[1].name\nglobal.code2 = res.body.data[0].code\nglobal.name2 = res.body.data[0].name",
                  "err": {},
                  "uuid": "5e2fb393-d822-45a9-8585-163020c5673d",
                  "parentUUID": "57f04627-e3bb-429e-8145-6c2f29fb2956",
                  "isHook": false,
                  "skipped": false
                }
              ],
              "suites": [],
              "passes": [
                "5e2fb393-d822-45a9-8585-163020c5673d"
              ],
              "failures": [],
              "pending": [],
              "skipped": [],
              "duration": 1211,
              "root": false,
              "rootEmpty": false,
              "_timeout": 180000
            },
            {
              "uuid": "fac49a8d-f21c-4187-ac46-82022e78b8e3",
              "title": "Delete data Extension Clause",
              "fullFile": "/home/runner/work/flash/flash/test/suite_productService.js",
              "file": "/test/suite_productService.js",
              "beforeHooks": [],
              "afterHooks": [],
              "tests": [
                {
                  "title": "when user hit api delete with correct id then user got response 200 and data will be deleted",
                  "fullTitle": "API Extension Clause Delete data Extension Clause when user hit api delete with correct id then user got response 200 and data will be deleted",
                  "timedOut": false,
                  "duration": 722,
                  "state": "passed",
                  "speed": "slow",
                  "pass": true,
                  "fail": false,
                  "pending": false,
                  "context": null,
                  "code": "const res = await EC_Delete.deleteExtensionClause(global.ECids)\nassert(res.status).to.equal(200)",
                  "err": {},
                  "uuid": "0156e69d-716d-4633-b3d0-36b2be97cf8e",
                  "parentUUID": "fac49a8d-f21c-4187-ac46-82022e78b8e3",
                  "isHook": false,
                  "skipped": false
                },
                {
                  "title": "when user hit api delete with wrong id then user got response error",
                  "fullTitle": "API Extension Clause Delete data Extension Clause when user hit api delete with wrong id then user got response error",
                  "timedOut": false,
                  "duration": 710,
                  "state": "passed",
                  "speed": "slow",
                  "pass": true,
                  "fail": false,
                  "pending": false,
                  "context": null,
                  "code": "const res = await EC_Delete.deleteExtensionClause(datas.Extension_clause.wrongid)\nassert(res.status).to.equal(400)\nassert(res.body.response_desc.id).to.equal('Product Extension Clause ID Tidak Ditemukan')",
                  "err": {},
                  "uuid": "a92cf3ec-6be7-4c6a-9e4b-9ff55b5795aa",
                  "parentUUID": "fac49a8d-f21c-4187-ac46-82022e78b8e3",
                  "isHook": false,
                  "skipped": false
                }
              ],
              "suites": [],
              "passes": [
                "0156e69d-716d-4633-b3d0-36b2be97cf8e",
                "a92cf3ec-6be7-4c6a-9e4b-9ff55b5795aa"
              ],
              "failures": [],
              "pending": [],
              "skipped": [],
              "duration": 1432,
              "root": false,
              "rootEmpty": false,
              "_timeout": 180000
            },
            {
              "uuid": "c19b05eb-abf4-4a6e-9518-3cb1d30fbc30",
              "title": "Get Detail Extension Clause",
              "fullFile": "/home/runner/work/flash/flash/test/suite_productService.js",
              "file": "/test/suite_productService.js",
              "beforeHooks": [],
              "afterHooks": [],
              "tests": [
                {
                  "title": "when user hit api get detail then user got response 200 and all data will be appears",
                  "fullTitle": "API Extension Clause Get Detail Extension Clause when user hit api get detail then user got response 200 and all data will be appears",
                  "timedOut": false,
                  "duration": 711,
                  "state": "passed",
                  "speed": "slow",
                  "pass": true,
                  "fail": false,
                  "pending": false,
                  "context": null,
                  "code": "const res = await EC_Getdetail.getdetailExtensionClause(global.ECids)\nassert(res.status).to.equal(200)\nassert(res.body.data[0]).to.have.property(\"id\").to.equal(global.ECids)\nassert(res.body.data[0]).to.have.property(\"service_group_id\").to.equal(global.ids)\nassert(res.body.data[0]).to.have.property(\"service_group_code\").to.equal(global.codes)\nassert(res.body.data[0]).to.have.property(\"code\")\nassert(res.body.data[0]).to.have.property(\"name\")\nassert(res.body.data[0]).to.have.property(\"description\")\nassert(res.body.data[0]).to.have.property(\"is_active\").to.equal(false)",
                  "err": {},
                  "uuid": "3fd8bb04-065c-4c8f-9fa7-77bde3c99d3b",
                  "parentUUID": "c19b05eb-abf4-4a6e-9518-3cb1d30fbc30",
                  "isHook": false,
                  "skipped": false
                },
                {
                  "title": "when user hit api get detail with wrong id then user got response error",
                  "fullTitle": "API Extension Clause Get Detail Extension Clause when user hit api get detail with wrong id then user got response error",
                  "timedOut": false,
                  "duration": 714,
                  "state": "passed",
                  "speed": "slow",
                  "pass": true,
                  "fail": false,
                  "pending": false,
                  "context": null,
                  "code": "const res = await EC_Getdetail.getdetailExtensionClause(datas.Extension_clause.wrongid)\nassert(res.status).to.equal(404)\nassert(res.body.response_desc.id).to.equal('error data tidak ditemukan')",
                  "err": {},
                  "uuid": "2b9eaee8-deb0-4122-988c-379305be4591",
                  "parentUUID": "c19b05eb-abf4-4a6e-9518-3cb1d30fbc30",
                  "isHook": false,
                  "skipped": false
                }
              ],
              "suites": [],
              "passes": [
                "3fd8bb04-065c-4c8f-9fa7-77bde3c99d3b",
                "2b9eaee8-deb0-4122-988c-379305be4591"
              ],
              "failures": [],
              "pending": [],
              "skipped": [],
              "duration": 1425,
              "root": false,
              "rootEmpty": false,
              "_timeout": 180000
            },
            {
              "uuid": "3c70c7ed-e943-4aaa-93e8-8d636e71d0dc",
              "title": "update data Extension Clause",
              "fullFile": "/home/runner/work/flash/flash/test/suite_productService.js",
              "file": "/test/suite_productService.js",
              "beforeHooks": [],
              "afterHooks": [],
              "tests": [
                {
                  "title": "when user input corect data then user got response 200",
                  "fullTitle": "API Extension Clause update data Extension Clause when user input corect data then user got response 200",
                  "timedOut": false,
                  "duration": 735,
                  "state": "passed",
                  "speed": "slow",
                  "pass": true,
                  "fail": false,
                  "pending": false,
                  "context": null,
                  "code": "const res =  await EC_Update.updateExtensionClause(global.ECids, global.code1, global.name1, datas.Extension_clause.description, global.ECserviceCode1)\nassert(res.status).to.equal(200)",
                  "err": {},
                  "uuid": "69bbf35b-7f74-432d-9aa3-4c9e6288cd1b",
                  "parentUUID": "3c70c7ed-e943-4aaa-93e8-8d636e71d0dc",
                  "isHook": false,
                  "skipped": false
                }
              ],
              "suites": [],
              "passes": [
                "69bbf35b-7f74-432d-9aa3-4c9e6288cd1b"
              ],
              "failures": [],
              "pending": [],
              "skipped": [],
              "duration": 735,
              "root": false,
              "rootEmpty": false,
              "_timeout": 180000
            },
            {
              "uuid": "1f5dcc44-4bc1-4f13-bd12-b671646dd005",
              "title": "Search data Extension Clause",
              "fullFile": "/home/runner/work/flash/flash/test/suite_productService.js",
              "file": "/test/suite_productService.js",
              "beforeHooks": [],
              "afterHooks": [],
              "tests": [
                {
                  "title": "when user input corect data then user got response 200",
                  "fullTitle": "API Extension Clause Search data Extension Clause when user input corect data then user got response 200",
                  "timedOut": false,
                  "duration": 708,
                  "state": "passed",
                  "speed": "slow",
                  "pass": true,
                  "fail": false,
                  "pending": false,
                  "context": null,
                  "code": "const res =  await EC_Search.searchExtensionClause(global.ECserviceCode1, global.code1, global.name1)\nif(res.status !== 200){\n    console.log(\"error search EC\" +res.text);\n}\nassert(res.status).to.equal(200)\nassert(res.body.data[0]).to.have.property(\"id\")\nassert(res.body.data[0]).to.have.property(\"service_group_id\")\nassert(res.body.data[0]).to.have.property(\"service_group_code\")\nassert(res.body.data[0]).to.have.property(\"code\")\nassert(res.body.data[0]).to.have.property(\"name\")\nassert(res.body.data[0]).to.have.property(\"description\")\nassert(res.body.data[0]).to.have.property(\"is_active\")",
                  "err": {},
                  "uuid": "c7858124-0000-43d6-965f-1069430bcf49",
                  "parentUUID": "1f5dcc44-4bc1-4f13-bd12-b671646dd005",
                  "isHook": false,
                  "skipped": false
                },
                {
                  "title": "when user input data using invalid service group, then user got response error",
                  "fullTitle": "API Extension Clause Search data Extension Clause when user input data using invalid service group, then user got response error",
                  "timedOut": false,
                  "duration": 709,
                  "state": "passed",
                  "speed": "slow",
                  "pass": true,
                  "fail": false,
                  "pending": false,
                  "context": null,
                  "code": "const res =  await EC_Search.searchExtensionClause(datas.Extension_clause.invalid_service_group_code, global.code1, global.name1)\nassert(res.status).to.equal(400)\nassert(res.body.response_desc).to.have.property('id').to.equal('Product Search Extension Clause Data Tidak Ditemukan')",
                  "err": {},
                  "uuid": "5bba5611-343e-4caf-8f99-21a7609a0bec",
                  "parentUUID": "1f5dcc44-4bc1-4f13-bd12-b671646dd005",
                  "isHook": false,
                  "skipped": false
                },
                {
                  "title": "when user input data using different_code and with same service group and same name, then user got response error",
                  "fullTitle": "API Extension Clause Search data Extension Clause when user input data using different_code and with same service group and same name, then user got response error",
                  "timedOut": false,
                  "duration": 715,
                  "state": "passed",
                  "speed": "slow",
                  "pass": true,
                  "fail": false,
                  "pending": false,
                  "context": null,
                  "code": "const res =  await EC_Search.searchExtensionClause(global.ECserviceCode1, global.code2, global.name1)\nassert(res.status).to.equal(400)\nassert(res.body.response_desc).to.have.property('id').to.equal('Product Search Extension Clause Data Tidak Ditemukan')",
                  "err": {},
                  "uuid": "72abcc4f-80d9-4be0-808a-a214cbb2b96d",
                  "parentUUID": "1f5dcc44-4bc1-4f13-bd12-b671646dd005",
                  "isHook": false,
                  "skipped": false
                },
                {
                  "title": "when user input data using different_name and with same service group and same code, then user got response error",
                  "fullTitle": "API Extension Clause Search data Extension Clause when user input data using different_name and with same service group and same code, then user got response error",
                  "timedOut": false,
                  "duration": 721,
                  "state": "passed",
                  "speed": "slow",
                  "pass": true,
                  "fail": false,
                  "pending": false,
                  "context": null,
                  "code": "const res =  await EC_Search.searchExtensionClause(global.ECserviceCode1, global.code1, global.name2)\nassert(res.status).to.equal(400)\nassert(res.body.response_desc).to.have.property('id').to.equal('Product Search Extension Clause Data Tidak Ditemukan')",
                  "err": {},
                  "uuid": "a41114dd-85a4-40b2-8e5e-d0527c78c3a6",
                  "parentUUID": "1f5dcc44-4bc1-4f13-bd12-b671646dd005",
                  "isHook": false,
                  "skipped": false
                }
              ],
              "suites": [],
              "passes": [
                "c7858124-0000-43d6-965f-1069430bcf49",
                "5bba5611-343e-4caf-8f99-21a7609a0bec",
                "72abcc4f-80d9-4be0-808a-a214cbb2b96d",
                "a41114dd-85a4-40b2-8e5e-d0527c78c3a6"
              ],
              "failures": [],
              "pending": [],
              "skipped": [],
              "duration": 2853,
              "root": false,
              "rootEmpty": false,
              "_timeout": 180000
            }
          ],
          "passes": [],
          "failures": [],
          "pending": [],
          "skipped": [],
          "duration": 0,
          "root": false,
          "rootEmpty": false,
          "_timeout": 180000
        }
      ],
      "passes": [],
      "failures": [],
      "pending": [],
      "skipped": [],
      "duration": 0,
      "root": true,
      "rootEmpty": true,
      "_timeout": 180000
    }
  ],
  "meta": {
    "mocha": {
      "version": "9.2.2"
    },
    "mochawesome": {
      "options": {
        "quiet": false,
        "reportFilename": "mochawesome",
        "saveHtml": true,
        "saveJson": true,
        "consoleReporter": "spec",
        "useInlineDiffs": false,
        "code": true
      },
      "version": "7.1.3"
    },
    "marge": {
      "options": {
        "reportDir": "reports/mochawesome/"
      },
      "version": "6.2.0"
    }
  }
}