{
  "stats": {
    "suites": 15,
    "tests": 28,
    "passes": 28,
    "pending": 0,
    "failures": 0,
    "start": "2022-05-22T05:01:56.057Z",
    "end": "2022-05-22T05:02:13.578Z",
    "duration": 17521,
    "testsRegistered": 28,
    "passPercent": 100,
    "pendingPercent": 0,
    "other": 0,
    "hasOther": false,
    "skipped": 0,
    "hasSkipped": false
  },
  "results": [
    {
      "uuid": "fe0e221e-3d48-466d-bcd3-00ae852c9abf",
      "title": "",
      "fullFile": "",
      "file": "",
      "beforeHooks": [],
      "afterHooks": [],
      "tests": [],
      "suites": [
        {
          "uuid": "cb44cd7a-174b-4149-8e1e-9dea6e208f31",
          "title": "API Service Group",
          "fullFile": "/home/runner/work/flash/flash/test/suite_productService.js",
          "file": "/test/suite_productService.js",
          "beforeHooks": [],
          "afterHooks": [],
          "tests": [],
          "suites": [
            {
              "uuid": "76ea6136-2bf3-4848-8345-0337c40790e0",
              "title": "Create Service Product",
              "fullFile": "/home/runner/work/flash/flash/test/suite_productService.js",
              "file": "/test/suite_productService.js",
              "beforeHooks": [],
              "afterHooks": [],
              "tests": [
                {
                  "title": "when user input corect data then user got response 200",
                  "fullTitle": "API Service Group Create Service Product when user input corect data then user got response 200",
                  "timedOut": false,
                  "duration": 732,
                  "state": "passed",
                  "speed": "slow",
                  "pass": true,
                  "fail": false,
                  "pending": false,
                  "context": null,
                  "code": "const res = await create.createServiceGroup(datas.service_Group.code, datas.service_Group.name, datas.service_Group.description)   \nif(res.status !==200){\n    console.log(\"create data : \"+res.status+\"||\" +res.text)\n}         \nassert(res.status).to.equal(200)\nglobal.ids = res.body.data[0].id\nglobal.names = res.body.data[0].name\nglobal.desc = res.body.data[0].description\nglobal.codes = res.body.data[0].code\nassert(res.body.data[0]).to.have.property(\"id\")\nassert(res.body.data[0]).to.have.property(\"code\")\nassert(res.body.data[0]).to.have.property(\"name\")\nassert(res.body.data[0]).to.have.property(\"description\")\nassert(res.body.data[0]).to.have.property(\"is_active\")",
                  "err": {},
                  "uuid": "0919cb0a-60f1-43c7-bbd1-e63622271eb6",
                  "parentUUID": "76ea6136-2bf3-4848-8345-0337c40790e0",
                  "isHook": false,
                  "skipped": false
                },
                {
                  "title": "when user input existing data, then user got response error",
                  "fullTitle": "API Service Group Create Service Product when user input existing data, then user got response error",
                  "timedOut": false,
                  "duration": 573,
                  "state": "passed",
                  "speed": "slow",
                  "pass": true,
                  "fail": false,
                  "pending": false,
                  "context": null,
                  "code": "const res = await create.createServiceGroup('TEST66', 'Alda', 'this is triger from automation tools')\nassert(res.status).to.equal(400)",
                  "err": {},
                  "uuid": "6dd64e52-e27a-41bf-86c5-2f83d7036dbe",
                  "parentUUID": "76ea6136-2bf3-4848-8345-0337c40790e0",
                  "isHook": false,
                  "skipped": false
                },
                {
                  "title": "when user input data using existing code data, then user got response error",
                  "fullTitle": "API Service Group Create Service Product when user input data using existing code data, then user got response error",
                  "timedOut": false,
                  "duration": 626,
                  "state": "passed",
                  "speed": "slow",
                  "pass": true,
                  "fail": false,
                  "pending": false,
                  "context": null,
                  "code": "const res = await create.createServiceGroup('TEST66', datas.service_Group.name, datas.service_Group.description)\nassert(res.status).to.equal(400)",
                  "err": {},
                  "uuid": "a9e671fb-5d58-4df2-a66a-3c3a5fe54ede",
                  "parentUUID": "76ea6136-2bf3-4848-8345-0337c40790e0",
                  "isHook": false,
                  "skipped": false
                }
              ],
              "suites": [],
              "passes": [
                "0919cb0a-60f1-43c7-bbd1-e63622271eb6",
                "6dd64e52-e27a-41bf-86c5-2f83d7036dbe",
                "a9e671fb-5d58-4df2-a66a-3c3a5fe54ede"
              ],
              "failures": [],
              "pending": [],
              "skipped": [],
              "duration": 1931,
              "root": false,
              "rootEmpty": false,
              "_timeout": 180000
            },
            {
              "uuid": "fac76be6-8d8f-4ecb-87bc-3bac348d2d10",
              "title": "Get All Service Group",
              "fullFile": "/home/runner/work/flash/flash/test/suite_productService.js",
              "file": "/test/suite_productService.js",
              "beforeHooks": [],
              "afterHooks": [],
              "tests": [
                {
                  "title": "when user hit api get all then user got response 200 and all data will be appears",
                  "fullTitle": "API Service Group Get All Service Group when user hit api get all then user got response 200 and all data will be appears",
                  "timedOut": false,
                  "duration": 1007,
                  "state": "passed",
                  "speed": "slow",
                  "pass": true,
                  "fail": false,
                  "pending": false,
                  "context": null,
                  "code": "const res = await getAll.getallServiceGroup()\nif(res.status !==200){\n    console.log(\"getall data : \"+res.status+\"||\" +res.body.text)\n}\nassert(res.status).to.equal(200)\nassert(res.body.data[0]).to.have.property(\"id\")\nassert(res.body.data[0]).to.have.property(\"code\")\nassert(res.body.data[0]).to.have.property(\"name\")\nassert(res.body.data[0]).to.have.property(\"description\")\nassert(res.body.data[0]).to.have.property(\"is_active\")\nglobal.ids1 = res.body.data[1].id\nglobal.names1 = res.body.data[1].name\nglobal.desc1 = res.body.data[1].description\nglobal.codes1 = res.body.data[1].code",
                  "err": {},
                  "uuid": "b9ced616-43fa-4de7-bdab-2976dda25ee5",
                  "parentUUID": "fac76be6-8d8f-4ecb-87bc-3bac348d2d10",
                  "isHook": false,
                  "skipped": false
                }
              ],
              "suites": [],
              "passes": [
                "b9ced616-43fa-4de7-bdab-2976dda25ee5"
              ],
              "failures": [],
              "pending": [],
              "skipped": [],
              "duration": 1007,
              "root": false,
              "rootEmpty": false,
              "_timeout": 180000
            },
            {
              "uuid": "f1a921bd-23fb-44e9-9c05-5d4d1179f792",
              "title": "Get All Public Service Group ",
              "fullFile": "/home/runner/work/flash/flash/test/suite_productService.js",
              "file": "/test/suite_productService.js",
              "beforeHooks": [],
              "afterHooks": [],
              "tests": [
                {
                  "title": "when user hit api get all public then user got response 200 and all data will be appears",
                  "fullTitle": "API Service Group Get All Public Service Group  when user hit api get all public then user got response 200 and all data will be appears",
                  "timedOut": false,
                  "duration": 564,
                  "state": "passed",
                  "speed": "slow",
                  "pass": true,
                  "fail": false,
                  "pending": false,
                  "context": null,
                  "code": "const res = await getAllpublic.getallpublicServiceGroup()\nif(res.status !==200){\n    console.log(\"getall data : \"+res.status+\"||\" +res.body.text)\n}\nassert(res.status).to.equal(200)\nassert(res.body.data[0]).to.have.property(\"id\")\nassert(res.body.data[0]).to.have.property(\"code\")\nassert(res.body.data[0]).to.have.property(\"name\")\nassert(res.body.data[0]).to.have.property(\"description\")\nassert(res.body.data[0]).to.have.property(\"is_active\")",
                  "err": {},
                  "uuid": "e9d33d67-4bcf-4849-94ee-48c83056988a",
                  "parentUUID": "f1a921bd-23fb-44e9-9c05-5d4d1179f792",
                  "isHook": false,
                  "skipped": false
                }
              ],
              "suites": [],
              "passes": [
                "e9d33d67-4bcf-4849-94ee-48c83056988a"
              ],
              "failures": [],
              "pending": [],
              "skipped": [],
              "duration": 564,
              "root": false,
              "rootEmpty": false,
              "_timeout": 180000
            },
            {
              "uuid": "9a4d37cc-5e0a-4ae2-bbd2-87945aa20d75",
              "title": "Get Detail Public Service Group",
              "fullFile": "/home/runner/work/flash/flash/test/suite_productService.js",
              "file": "/test/suite_productService.js",
              "beforeHooks": [],
              "afterHooks": [],
              "tests": [
                {
                  "title": "when user hit api get detail public then user got response 200 and all data will be appears",
                  "fullTitle": "API Service Group Get Detail Public Service Group when user hit api get detail public then user got response 200 and all data will be appears",
                  "timedOut": false,
                  "duration": 625,
                  "state": "passed",
                  "speed": "slow",
                  "pass": true,
                  "fail": false,
                  "pending": false,
                  "context": null,
                  "code": "const res = await getdetailpublic.getdetailpublicServiceGroup(global.ids)\nif(res.status !==200){\n    console.log(\"getdetailpublic data : \"+res.status+\"||\" +res.body.text)\n}\nassert(res.status).to.equal(200)\nassert(res.body.data[0]).to.have.property(\"id\")\nassert(res.body.data[0]).to.have.property(\"code\")\nassert(res.body.data[0]).to.have.property(\"name\")\nassert(res.body.data[0]).to.have.property(\"description\")\nassert(res.body.data[0]).to.have.property(\"is_active\")",
                  "err": {},
                  "uuid": "656701ad-d06b-4387-8e7a-55bc7303a93e",
                  "parentUUID": "9a4d37cc-5e0a-4ae2-bbd2-87945aa20d75",
                  "isHook": false,
                  "skipped": false
                },
                {
                  "title": "when user hit api get detail public with wrong id then user got response error",
                  "fullTitle": "API Service Group Get Detail Public Service Group when user hit api get detail public with wrong id then user got response error",
                  "timedOut": false,
                  "duration": 572,
                  "state": "passed",
                  "speed": "slow",
                  "pass": true,
                  "fail": false,
                  "pending": false,
                  "context": null,
                  "code": "const res = await getdetailpublic.getdetailpublicServiceGroup(datas.service_Group.wrongid)\nassert(res.status).to.equal(404)\nassert(res.body.response_desc).to.have.property(\"id\").to.equal(\"error data tidak ditemukan\")\nassert(res.body.response_desc).to.have.property(\"en\")",
                  "err": {},
                  "uuid": "9944731a-130f-43cb-a7e8-070a94d206da",
                  "parentUUID": "9a4d37cc-5e0a-4ae2-bbd2-87945aa20d75",
                  "isHook": false,
                  "skipped": false
                }
              ],
              "suites": [],
              "passes": [
                "656701ad-d06b-4387-8e7a-55bc7303a93e",
                "9944731a-130f-43cb-a7e8-070a94d206da"
              ],
              "failures": [],
              "pending": [],
              "skipped": [],
              "duration": 1197,
              "root": false,
              "rootEmpty": false,
              "_timeout": 180000
            },
            {
              "uuid": "a38e1fee-fcee-477a-bb33-fe85e4e89e47",
              "title": "Get Detail Service Group",
              "fullFile": "/home/runner/work/flash/flash/test/suite_productService.js",
              "file": "/test/suite_productService.js",
              "beforeHooks": [],
              "afterHooks": [],
              "tests": [
                {
                  "title": "when user hit api get detail then user got response 200 and all data will be appears",
                  "fullTitle": "API Service Group Get Detail Service Group when user hit api get detail then user got response 200 and all data will be appears",
                  "timedOut": false,
                  "duration": 565,
                  "state": "passed",
                  "speed": "slow",
                  "pass": true,
                  "fail": false,
                  "pending": false,
                  "context": null,
                  "code": "const res = await getdetail.getdetailServiceGroup(global.ids)\nif(res.status !==200){\n    console.log(\"getdetail data : \"+res.status+\"||\" +res.body.text)\n}\nassert(res.status).to.equal(200)\nassert(res.body.data[0]).to.have.property(\"id\")\nassert(res.body.data[0]).to.have.property(\"code\")\nassert(res.body.data[0]).to.have.property(\"name\")\nassert(res.body.data[0]).to.have.property(\"description\")\nassert(res.body.data[0]).to.have.property(\"is_active\")",
                  "err": {},
                  "uuid": "79b76143-721f-4ef5-a608-423fefb91d06",
                  "parentUUID": "a38e1fee-fcee-477a-bb33-fe85e4e89e47",
                  "isHook": false,
                  "skipped": false
                },
                {
                  "title": "when user hit api get detail with wrong id then user got response error",
                  "fullTitle": "API Service Group Get Detail Service Group when user hit api get detail with wrong id then user got response error",
                  "timedOut": false,
                  "duration": 685,
                  "state": "passed",
                  "speed": "slow",
                  "pass": true,
                  "fail": false,
                  "pending": false,
                  "context": null,
                  "code": "const res = await getdetail.getdetailServiceGroup(datas.service_Group.wrongid)\nassert(res.status).to.equal(404)\nassert(res.body.response_desc).to.have.property(\"id\").to.equal(\"error data tidak ditemukan\")\nassert(res.body.response_desc).to.have.property(\"en\")",
                  "err": {},
                  "uuid": "0d9b0562-32c7-4247-82c8-45a738e21d8f",
                  "parentUUID": "a38e1fee-fcee-477a-bb33-fe85e4e89e47",
                  "isHook": false,
                  "skipped": false
                }
              ],
              "suites": [],
              "passes": [
                "79b76143-721f-4ef5-a608-423fefb91d06",
                "0d9b0562-32c7-4247-82c8-45a738e21d8f"
              ],
              "failures": [],
              "pending": [],
              "skipped": [],
              "duration": 1250,
              "root": false,
              "rootEmpty": false,
              "_timeout": 180000
            },
            {
              "uuid": "c723a5fc-12d5-4aab-b9fb-204bdd7e8a6b",
              "title": "Update Service Product",
              "fullFile": "/home/runner/work/flash/flash/test/suite_productService.js",
              "file": "/test/suite_productService.js",
              "beforeHooks": [],
              "afterHooks": [],
              "tests": [
                {
                  "title": "when user input corect data then user got response 200",
                  "fullTitle": "API Service Group Update Service Product when user input corect data then user got response 200",
                  "timedOut": false,
                  "duration": 683,
                  "state": "passed",
                  "speed": "slow",
                  "pass": true,
                  "fail": false,
                  "pending": false,
                  "context": null,
                  "code": "const res = await update.updateServiceGroup(global.ids, datas.service_Group.code, datas.service_Group.name, datas.service_Group.description)   \nif(res.status !==200){\n    console.log(\"update data : \"+res.status+\"||\" +res.body.text)\n}\nassert(res.status).to.equal(200)\nassert(res.body.data[0]).to.have.property(\"id\")\nassert(res.body.data[0]).to.have.property(\"code\")\nassert(res.body.data[0]).to.have.property(\"name\")\nassert(res.body.data[0]).to.have.property(\"description\")\nassert(res.body.data[0]).to.have.property(\"is_active\")",
                  "err": {},
                  "uuid": "35ff5985-ad97-4be8-a3c9-0cf1c7c58831",
                  "parentUUID": "c723a5fc-12d5-4aab-b9fb-204bdd7e8a6b",
                  "isHook": false,
                  "skipped": false
                },
                {
                  "title": "when user input different code and same description and same name then user got response 200",
                  "fullTitle": "API Service Group Update Service Product when user input different code and same description and same name then user got response 200",
                  "timedOut": false,
                  "duration": 564,
                  "state": "passed",
                  "speed": "slow",
                  "pass": true,
                  "fail": false,
                  "pending": false,
                  "context": null,
                  "code": "const res = await update.updateServiceGroup(global.ids, datas.service_Group.code, global.names, global.desc)   \nif(res.status !==200){\n    console.log(\"update data : \"+res.status+\"||\" +res.body.text)\n}\nassert(res.status).to.equal(200)\nassert(res.body.data[0]).to.have.property(\"id\")\nassert(res.body.data[0]).to.have.property(\"code\")\nassert(res.body.data[0]).to.have.property(\"name\")\nassert(res.body.data[0]).to.have.property(\"description\")\nassert(res.body.data[0]).to.have.property(\"is_active\")",
                  "err": {},
                  "uuid": "0a504806-a9ba-4366-9729-9439a0469561",
                  "parentUUID": "c723a5fc-12d5-4aab-b9fb-204bdd7e8a6b",
                  "isHook": false,
                  "skipped": false
                },
                {
                  "title": "when user input different name and same code then user got response 200",
                  "fullTitle": "API Service Group Update Service Product when user input different name and same code then user got response 200",
                  "timedOut": false,
                  "duration": 572,
                  "state": "passed",
                  "speed": "slow",
                  "pass": true,
                  "fail": false,
                  "pending": false,
                  "context": null,
                  "code": "const res = await update.updateServiceGroup(global.ids, global.codes, datas.service_Group.name, global.desc)   \nif(res.status !==200){\n    console.log(\"update data : \"+res.status+\"||\" +res.body.text)\n}\nassert(res.status).to.equal(200)\nassert(res.body.data[0]).to.have.property(\"id\")\nassert(res.body.data[0]).to.have.property(\"code\")\nassert(res.body.data[0]).to.have.property(\"name\")\nassert(res.body.data[0]).to.have.property(\"description\")\nassert(res.body.data[0]).to.have.property(\"is_active\")",
                  "err": {},
                  "uuid": "86911052-44ec-4064-9d10-6e80b8674cd6",
                  "parentUUID": "c723a5fc-12d5-4aab-b9fb-204bdd7e8a6b",
                  "isHook": false,
                  "skipped": false
                },
                {
                  "title": "when user input different description and same code and same name then user got response 200",
                  "fullTitle": "API Service Group Update Service Product when user input different description and same code and same name then user got response 200",
                  "timedOut": false,
                  "duration": 627,
                  "state": "passed",
                  "speed": "slow",
                  "pass": true,
                  "fail": false,
                  "pending": false,
                  "context": null,
                  "code": "const res = await update.updateServiceGroup(global.ids, global.codes, global.names, datas.service_Group.description)   \nif(res.status !==200){\n    console.log(\"update data : \"+res.status+\"||\" +res.body.text)\n}\nassert(res.status).to.equal(200)\nassert(res.body.data[0]).to.have.property(\"id\")\nassert(res.body.data[0]).to.have.property(\"code\")\nassert(res.body.data[0]).to.have.property(\"name\")\nassert(res.body.data[0]).to.have.property(\"description\")\nassert(res.body.data[0]).to.have.property(\"is_active\")",
                  "err": {},
                  "uuid": "760321bf-e380-4c16-abd8-19d40c75d8a5",
                  "parentUUID": "c723a5fc-12d5-4aab-b9fb-204bdd7e8a6b",
                  "isHook": false,
                  "skipped": false
                },
                {
                  "title": "when user input same data, then user got response error",
                  "fullTitle": "API Service Group Update Service Product when user input same data, then user got response error",
                  "timedOut": false,
                  "duration": 570,
                  "state": "passed",
                  "speed": "slow",
                  "pass": true,
                  "fail": false,
                  "pending": false,
                  "context": null,
                  "code": "const res = await update.updateServiceGroup(global.ids, global.codes1, global.names1, global.desc1)   \nassert(res.status).to.equal(500)",
                  "err": {},
                  "uuid": "d37ee38a-7917-4493-86a7-f0150b37e94f",
                  "parentUUID": "c723a5fc-12d5-4aab-b9fb-204bdd7e8a6b",
                  "isHook": false,
                  "skipped": false
                },
                {
                  "title": "when user input data using existing code data, then user got response error",
                  "fullTitle": "API Service Group Update Service Product when user input data using existing code data, then user got response error",
                  "timedOut": false,
                  "duration": 560,
                  "state": "passed",
                  "speed": "slow",
                  "pass": true,
                  "fail": false,
                  "pending": false,
                  "context": null,
                  "code": "const res = await update.updateServiceGroup(global.ids1, global.codes, datas.service_Group.name, datas.service_Group.description)   \nassert(res.status).to.equal(500)",
                  "err": {},
                  "uuid": "b4279b09-db0f-4c64-b258-42dbbb26c80e",
                  "parentUUID": "c723a5fc-12d5-4aab-b9fb-204bdd7e8a6b",
                  "isHook": false,
                  "skipped": false
                }
              ],
              "suites": [],
              "passes": [
                "35ff5985-ad97-4be8-a3c9-0cf1c7c58831",
                "0a504806-a9ba-4366-9729-9439a0469561",
                "86911052-44ec-4064-9d10-6e80b8674cd6",
                "760321bf-e380-4c16-abd8-19d40c75d8a5",
                "d37ee38a-7917-4493-86a7-f0150b37e94f",
                "b4279b09-db0f-4c64-b258-42dbbb26c80e"
              ],
              "failures": [],
              "pending": [],
              "skipped": [],
              "duration": 3576,
              "root": false,
              "rootEmpty": false,
              "_timeout": 180000
            },
            {
              "uuid": "8d78a186-5047-497e-8a02-02157985a0e8",
              "title": "Delete data Service Group",
              "fullFile": "/home/runner/work/flash/flash/test/suite_productService.js",
              "file": "/test/suite_productService.js",
              "beforeHooks": [],
              "afterHooks": [],
              "tests": [
                {
                  "title": "when user hit api delete with correct id then user got response 200 and data will be deleted",
                  "fullTitle": "API Service Group Delete data Service Group when user hit api delete with correct id then user got response 200 and data will be deleted",
                  "timedOut": false,
                  "duration": 565,
                  "state": "passed",
                  "speed": "slow",
                  "pass": true,
                  "fail": false,
                  "pending": false,
                  "context": null,
                  "code": "const res = await deleted.deleteServiceGroup(global.ids)\nassert(res.status).to.equal(200)",
                  "err": {},
                  "uuid": "be9fe79e-3a5b-4ea1-89d9-08e9fecdee41",
                  "parentUUID": "8d78a186-5047-497e-8a02-02157985a0e8",
                  "isHook": false,
                  "skipped": false
                },
                {
                  "title": "when user hit api delete with wrong id then user got response error",
                  "fullTitle": "API Service Group Delete data Service Group when user hit api delete with wrong id then user got response error",
                  "timedOut": false,
                  "duration": 561,
                  "state": "passed",
                  "speed": "slow",
                  "pass": true,
                  "fail": false,
                  "pending": false,
                  "context": null,
                  "code": "const res = await deleted.deleteServiceGroup(datas.service_Group.wrongid)\nassert(res.status).to.equal(404)",
                  "err": {},
                  "uuid": "40d1dcb3-a72d-48d5-a8e5-820f8197cbc4",
                  "parentUUID": "8d78a186-5047-497e-8a02-02157985a0e8",
                  "isHook": false,
                  "skipped": false
                }
              ],
              "suites": [],
              "passes": [
                "be9fe79e-3a5b-4ea1-89d9-08e9fecdee41",
                "40d1dcb3-a72d-48d5-a8e5-820f8197cbc4"
              ],
              "failures": [],
              "pending": [],
              "skipped": [],
              "duration": 1126,
              "root": false,
              "rootEmpty": false,
              "_timeout": 180000
            }
          ],
          "passes": [],
          "failures": [],
          "pending": [],
          "skipped": [],
          "duration": 0,
          "root": false,
          "rootEmpty": false,
          "_timeout": 180000
        },
        {
          "uuid": "07f569c7-0775-4fdb-9926-6673cb4d3d86",
          "title": "API Extension Clause",
          "fullFile": "/home/runner/work/flash/flash/test/suite_productService.js",
          "file": "/test/suite_productService.js",
          "beforeHooks": [],
          "afterHooks": [],
          "tests": [],
          "suites": [
            {
              "uuid": "950cb36a-bb2b-47f3-814f-91c1bdbef4f6",
              "title": "Create ExtensionClause",
              "fullFile": "/home/runner/work/flash/flash/test/suite_productService.js",
              "file": "/test/suite_productService.js",
              "beforeHooks": [],
              "afterHooks": [],
              "tests": [
                {
                  "title": "when user input corect data then user got response 200",
                  "fullTitle": "API Extension Clause Create ExtensionClause when user input corect data then user got response 200",
                  "timedOut": false,
                  "duration": 579,
                  "state": "passed",
                  "speed": "slow",
                  "pass": true,
                  "fail": false,
                  "pending": false,
                  "context": null,
                  "code": "const res = await EC_create.createExtensionClause(datas.Extension_clause.code, datas.service_Group.name, datas.service_Group.description, global.codes)\nassert(res.status).to.equal(200)\nassert(res.body.data[0]).to.have.property(\"id\")\nassert(res.body.data[0]).to.have.property(\"service_group_id\").to.equal(global.ids)\nassert(res.body.data[0]).to.have.property(\"service_group_code\").to.equal(global.codes)\nassert(res.body.data[0]).to.have.property(\"code\")\nassert(res.body.data[0]).to.have.property(\"name\")\nassert(res.body.data[0]).to.have.property(\"description\")\nassert(res.body.data[0]).to.have.property(\"is_active\").to.equal(true)\nglobal.ECids = res.body.data[0].id",
                  "err": {},
                  "uuid": "2e06b546-d51f-4683-be27-299ae53ab0bb",
                  "parentUUID": "950cb36a-bb2b-47f3-814f-91c1bdbef4f6",
                  "isHook": false,
                  "skipped": false
                }
              ],
              "suites": [],
              "passes": [
                "2e06b546-d51f-4683-be27-299ae53ab0bb"
              ],
              "failures": [],
              "pending": [],
              "skipped": [],
              "duration": 579,
              "root": false,
              "rootEmpty": false,
              "_timeout": 180000
            },
            {
              "uuid": "a533a686-a621-42fd-8bb9-5bc74df0139c",
              "title": "Get all data Extension Clause",
              "fullFile": "/home/runner/work/flash/flash/test/suite_productService.js",
              "file": "/test/suite_productService.js",
              "beforeHooks": [],
              "afterHooks": [],
              "tests": [
                {
                  "title": "when user hit api get all then user got response 200 and all data will be appears",
                  "fullTitle": "API Extension Clause Get all data Extension Clause when user hit api get all then user got response 200 and all data will be appears",
                  "timedOut": false,
                  "duration": 1022,
                  "state": "passed",
                  "speed": "slow",
                  "pass": true,
                  "fail": false,
                  "pending": false,
                  "context": null,
                  "code": "const res = await EC_Getall.getallExtensionClause()\nassert(res.status).to.equal(200)\nassert(res.body.data[0]).to.have.property(\"id\")\nassert(res.body.data[0]).to.have.property(\"service_group_id\")\nassert(res.body.data[0]).to.have.property(\"service_group_code\")\nassert(res.body.data[0]).to.have.property(\"code\")\nassert(res.body.data[0]).to.have.property(\"name\")\nassert(res.body.data[0]).to.have.property(\"description\")\nassert(res.body.data[0]).to.have.property(\"is_active\")\nglobal.ECids1 = res.body.data[1].id\nglobal.ECserviceCode1 = res.body.data[1].service_group_code\nglobal.code1 = res.body.data[1].code\nglobal.name1 = res.body.data[1].name\nglobal.code2 = res.body.data[0].code\nglobal.name2 = res.body.data[0].name",
                  "err": {},
                  "uuid": "c3ebe729-82a1-4ecf-b7db-83eda7b9b6d7",
                  "parentUUID": "a533a686-a621-42fd-8bb9-5bc74df0139c",
                  "isHook": false,
                  "skipped": false
                }
              ],
              "suites": [],
              "passes": [
                "c3ebe729-82a1-4ecf-b7db-83eda7b9b6d7"
              ],
              "failures": [],
              "pending": [],
              "skipped": [],
              "duration": 1022,
              "root": false,
              "rootEmpty": false,
              "_timeout": 180000
            },
            {
              "uuid": "c9ae26c0-d70e-4dd7-a2e1-5ef45b22de8c",
              "title": "Delete data Extension Clause",
              "fullFile": "/home/runner/work/flash/flash/test/suite_productService.js",
              "file": "/test/suite_productService.js",
              "beforeHooks": [],
              "afterHooks": [],
              "tests": [
                {
                  "title": "when user hit api delete with correct id then user got response 200 and data will be deleted",
                  "fullTitle": "API Extension Clause Delete data Extension Clause when user hit api delete with correct id then user got response 200 and data will be deleted",
                  "timedOut": false,
                  "duration": 571,
                  "state": "passed",
                  "speed": "slow",
                  "pass": true,
                  "fail": false,
                  "pending": false,
                  "context": null,
                  "code": "const res = await EC_Delete.deleteExtensionClause(global.ECids)\nassert(res.status).to.equal(200)",
                  "err": {},
                  "uuid": "2f36df41-e2da-4240-b44d-9a0509268d72",
                  "parentUUID": "c9ae26c0-d70e-4dd7-a2e1-5ef45b22de8c",
                  "isHook": false,
                  "skipped": false
                },
                {
                  "title": "when user hit api delete with wrong id then user got response error",
                  "fullTitle": "API Extension Clause Delete data Extension Clause when user hit api delete with wrong id then user got response error",
                  "timedOut": false,
                  "duration": 571,
                  "state": "passed",
                  "speed": "slow",
                  "pass": true,
                  "fail": false,
                  "pending": false,
                  "context": null,
                  "code": "const res = await EC_Delete.deleteExtensionClause(datas.Extension_clause.wrongid)\nassert(res.status).to.equal(400)\nassert(res.body.response_desc.id).to.equal('Product Extension Clause ID Tidak Ditemukan')",
                  "err": {},
                  "uuid": "c8f4ea28-433b-484d-9580-c7fcafc1adaf",
                  "parentUUID": "c9ae26c0-d70e-4dd7-a2e1-5ef45b22de8c",
                  "isHook": false,
                  "skipped": false
                }
              ],
              "suites": [],
              "passes": [
                "2f36df41-e2da-4240-b44d-9a0509268d72",
                "c8f4ea28-433b-484d-9580-c7fcafc1adaf"
              ],
              "failures": [],
              "pending": [],
              "skipped": [],
              "duration": 1142,
              "root": false,
              "rootEmpty": false,
              "_timeout": 180000
            },
            {
              "uuid": "2b5048e2-4c31-4920-9d72-87a62e1ab1de",
              "title": "Get Detail Extension Clause",
              "fullFile": "/home/runner/work/flash/flash/test/suite_productService.js",
              "file": "/test/suite_productService.js",
              "beforeHooks": [],
              "afterHooks": [],
              "tests": [
                {
                  "title": "when user hit api get detail then user got response 200 and all data will be appears",
                  "fullTitle": "API Extension Clause Get Detail Extension Clause when user hit api get detail then user got response 200 and all data will be appears",
                  "timedOut": false,
                  "duration": 569,
                  "state": "passed",
                  "speed": "slow",
                  "pass": true,
                  "fail": false,
                  "pending": false,
                  "context": null,
                  "code": "const res = await EC_Getdetail.getdetailExtensionClause(global.ECids)\nassert(res.status).to.equal(200)\nassert(res.body.data[0]).to.have.property(\"id\").to.equal(global.ECids)\nassert(res.body.data[0]).to.have.property(\"service_group_id\").to.equal(global.ids)\nassert(res.body.data[0]).to.have.property(\"service_group_code\").to.equal(global.codes)\nassert(res.body.data[0]).to.have.property(\"code\")\nassert(res.body.data[0]).to.have.property(\"name\")\nassert(res.body.data[0]).to.have.property(\"description\")\nassert(res.body.data[0]).to.have.property(\"is_active\").to.equal(false)",
                  "err": {},
                  "uuid": "cdc7a910-8fad-410c-96e0-440cc1e1c281",
                  "parentUUID": "2b5048e2-4c31-4920-9d72-87a62e1ab1de",
                  "isHook": false,
                  "skipped": false
                },
                {
                  "title": "when user hit api get detail with wrong id then user got response error",
                  "fullTitle": "API Extension Clause Get Detail Extension Clause when user hit api get detail with wrong id then user got response error",
                  "timedOut": false,
                  "duration": 559,
                  "state": "passed",
                  "speed": "slow",
                  "pass": true,
                  "fail": false,
                  "pending": false,
                  "context": null,
                  "code": "const res = await EC_Getdetail.getdetailExtensionClause(datas.Extension_clause.wrongid)\nassert(res.status).to.equal(404)\nassert(res.body.response_desc.id).to.equal('error data tidak ditemukan')",
                  "err": {},
                  "uuid": "23be376d-fd9c-47ee-9b6c-f30d11f89087",
                  "parentUUID": "2b5048e2-4c31-4920-9d72-87a62e1ab1de",
                  "isHook": false,
                  "skipped": false
                }
              ],
              "suites": [],
              "passes": [
                "cdc7a910-8fad-410c-96e0-440cc1e1c281",
                "23be376d-fd9c-47ee-9b6c-f30d11f89087"
              ],
              "failures": [],
              "pending": [],
              "skipped": [],
              "duration": 1128,
              "root": false,
              "rootEmpty": false,
              "_timeout": 180000
            },
            {
              "uuid": "3300f71d-25fa-4cb3-bc0b-95ea5e61cdef",
              "title": "update data Extension Clause",
              "fullFile": "/home/runner/work/flash/flash/test/suite_productService.js",
              "file": "/test/suite_productService.js",
              "beforeHooks": [],
              "afterHooks": [],
              "tests": [
                {
                  "title": "when user input corect data then user got response 200",
                  "fullTitle": "API Extension Clause update data Extension Clause when user input corect data then user got response 200",
                  "timedOut": false,
                  "duration": 564,
                  "state": "passed",
                  "speed": "slow",
                  "pass": true,
                  "fail": false,
                  "pending": false,
                  "context": null,
                  "code": "const res =  await EC_Update.updateExtensionClause(global.ECids, global.code1, global.name1, datas.Extension_clause.description, global.ECserviceCode1)\nassert(res.status).to.equal(200)",
                  "err": {},
                  "uuid": "a7bd313d-5971-45d2-b2ec-5be3ac976697",
                  "parentUUID": "3300f71d-25fa-4cb3-bc0b-95ea5e61cdef",
                  "isHook": false,
                  "skipped": false
                }
              ],
              "suites": [],
              "passes": [
                "a7bd313d-5971-45d2-b2ec-5be3ac976697"
              ],
              "failures": [],
              "pending": [],
              "skipped": [],
              "duration": 564,
              "root": false,
              "rootEmpty": false,
              "_timeout": 180000
            },
            {
              "uuid": "243bc068-aa95-4920-ac3e-02b16e63dd93",
              "title": "Search data Extension Clause",
              "fullFile": "/home/runner/work/flash/flash/test/suite_productService.js",
              "file": "/test/suite_productService.js",
              "beforeHooks": [],
              "afterHooks": [],
              "tests": [
                {
                  "title": "when user input corect data then user got response 200",
                  "fullTitle": "API Extension Clause Search data Extension Clause when user input corect data then user got response 200",
                  "timedOut": false,
                  "duration": 581,
                  "state": "passed",
                  "speed": "slow",
                  "pass": true,
                  "fail": false,
                  "pending": false,
                  "context": null,
                  "code": "const res =  await EC_Search.searchExtensionClause(global.ECserviceCode1, global.code1, global.name1)\nif(res.status !== 200){\n    console.log(\"error search EC\" +res.text);\n}\nassert(res.status).to.equal(200)\nassert(res.body.data[0]).to.have.property(\"id\")\nassert(res.body.data[0]).to.have.property(\"service_group_id\")\nassert(res.body.data[0]).to.have.property(\"service_group_code\")\nassert(res.body.data[0]).to.have.property(\"code\")\nassert(res.body.data[0]).to.have.property(\"name\")\nassert(res.body.data[0]).to.have.property(\"description\")\nassert(res.body.data[0]).to.have.property(\"is_active\")",
                  "err": {},
                  "uuid": "24611ac5-5755-4d02-b55c-e75d678dc85d",
                  "parentUUID": "243bc068-aa95-4920-ac3e-02b16e63dd93",
                  "isHook": false,
                  "skipped": false
                },
                {
                  "title": "when user input data using invalid service group, then user got response error",
                  "fullTitle": "API Extension Clause Search data Extension Clause when user input data using invalid service group, then user got response error",
                  "timedOut": false,
                  "duration": 565,
                  "state": "passed",
                  "speed": "slow",
                  "pass": true,
                  "fail": false,
                  "pending": false,
                  "context": null,
                  "code": "const res =  await EC_Search.searchExtensionClause(datas.Extension_clause.invalid_service_group_code, global.code1, global.name1)\nassert(res.status).to.equal(400)\nassert(res.body.response_desc).to.have.property('id').to.equal('Product Search Extension Clause Data Tidak Ditemukan')",
                  "err": {},
                  "uuid": "2528b7a1-0728-4ce5-b00d-7c1e75cbda8e",
                  "parentUUID": "243bc068-aa95-4920-ac3e-02b16e63dd93",
                  "isHook": false,
                  "skipped": false
                },
                {
                  "title": "when user input data using different_code and with same service group and same name, then user got response error",
                  "fullTitle": "API Extension Clause Search data Extension Clause when user input data using different_code and with same service group and same name, then user got response error",
                  "timedOut": false,
                  "duration": 563,
                  "state": "passed",
                  "speed": "slow",
                  "pass": true,
                  "fail": false,
                  "pending": false,
                  "context": null,
                  "code": "const res =  await EC_Search.searchExtensionClause(global.ECserviceCode1, global.code2, global.name1)\nassert(res.status).to.equal(400)\nassert(res.body.response_desc).to.have.property('id').to.equal('Product Search Extension Clause Data Tidak Ditemukan')",
                  "err": {},
                  "uuid": "9b5eb37f-605b-4196-a4dd-96cfea8f3c79",
                  "parentUUID": "243bc068-aa95-4920-ac3e-02b16e63dd93",
                  "isHook": false,
                  "skipped": false
                },
                {
                  "title": "when user input data using different_name and with same service group and same code, then user got response error",
                  "fullTitle": "API Extension Clause Search data Extension Clause when user input data using different_name and with same service group and same code, then user got response error",
                  "timedOut": false,
                  "duration": 681,
                  "state": "passed",
                  "speed": "slow",
                  "pass": true,
                  "fail": false,
                  "pending": false,
                  "context": null,
                  "code": "const res =  await EC_Search.searchExtensionClause(global.ECserviceCode1, global.code1, global.name2)\nassert(res.status).to.equal(400)\nassert(res.body.response_desc).to.have.property('id').to.equal('Product Search Extension Clause Data Tidak Ditemukan')",
                  "err": {},
                  "uuid": "0a556ac2-8444-4662-9f25-2c5623a76755",
                  "parentUUID": "243bc068-aa95-4920-ac3e-02b16e63dd93",
                  "isHook": false,
                  "skipped": false
                }
              ],
              "suites": [],
              "passes": [
                "24611ac5-5755-4d02-b55c-e75d678dc85d",
                "2528b7a1-0728-4ce5-b00d-7c1e75cbda8e",
                "9b5eb37f-605b-4196-a4dd-96cfea8f3c79",
                "0a556ac2-8444-4662-9f25-2c5623a76755"
              ],
              "failures": [],
              "pending": [],
              "skipped": [],
              "duration": 2390,
              "root": false,
              "rootEmpty": false,
              "_timeout": 180000
            }
          ],
          "passes": [],
          "failures": [],
          "pending": [],
          "skipped": [],
          "duration": 0,
          "root": false,
          "rootEmpty": false,
          "_timeout": 180000
        }
      ],
      "passes": [],
      "failures": [],
      "pending": [],
      "skipped": [],
      "duration": 0,
      "root": true,
      "rootEmpty": true,
      "_timeout": 180000
    }
  ],
  "meta": {
    "mocha": {
      "version": "9.2.2"
    },
    "mochawesome": {
      "options": {
        "quiet": false,
        "reportFilename": "mochawesome",
        "saveHtml": true,
        "saveJson": true,
        "consoleReporter": "spec",
        "useInlineDiffs": false,
        "code": true
      },
      "version": "7.1.3"
    },
    "marge": {
      "options": {
        "reportDir": "reports/mochawesome/"
      },
      "version": "6.2.0"
    }
  }
}