{
  "stats": {
    "suites": 15,
    "tests": 28,
    "passes": 28,
    "pending": 0,
    "failures": 0,
    "start": "2022-05-22T05:03:45.513Z",
    "end": "2022-05-22T05:04:05.369Z",
    "duration": 19856,
    "testsRegistered": 28,
    "passPercent": 100,
    "pendingPercent": 0,
    "other": 0,
    "hasOther": false,
    "skipped": 0,
    "hasSkipped": false
  },
  "results": [
    {
      "uuid": "cbe91b28-d2e5-47a9-9837-bc4a9e67b8e1",
      "title": "",
      "fullFile": "",
      "file": "",
      "beforeHooks": [],
      "afterHooks": [],
      "tests": [],
      "suites": [
        {
          "uuid": "db4c8482-7d11-43fa-b3c6-72ffffca2223",
          "title": "API Service Group",
          "fullFile": "/home/runner/work/flash/flash/test/suite_productService.js",
          "file": "/test/suite_productService.js",
          "beforeHooks": [],
          "afterHooks": [],
          "tests": [],
          "suites": [
            {
              "uuid": "9de9b53f-cb6b-416d-ae25-315572a2c800",
              "title": "Create Service Product",
              "fullFile": "/home/runner/work/flash/flash/test/suite_productService.js",
              "file": "/test/suite_productService.js",
              "beforeHooks": [],
              "afterHooks": [],
              "tests": [
                {
                  "title": "when user input corect data then user got response 200",
                  "fullTitle": "API Service Group Create Service Product when user input corect data then user got response 200",
                  "timedOut": false,
                  "duration": 750,
                  "state": "passed",
                  "speed": "slow",
                  "pass": true,
                  "fail": false,
                  "pending": false,
                  "context": null,
                  "code": "const res = await create.createServiceGroup(datas.service_Group.code, datas.service_Group.name, datas.service_Group.description)   \nif(res.status !==200){\n    console.log(\"create data : \"+res.status+\"||\" +res.text)\n}         \nassert(res.status).to.equal(200)\nglobal.ids = res.body.data[0].id\nglobal.names = res.body.data[0].name\nglobal.desc = res.body.data[0].description\nglobal.codes = res.body.data[0].code\nassert(res.body.data[0]).to.have.property(\"id\")\nassert(res.body.data[0]).to.have.property(\"code\")\nassert(res.body.data[0]).to.have.property(\"name\")\nassert(res.body.data[0]).to.have.property(\"description\")\nassert(res.body.data[0]).to.have.property(\"is_active\")",
                  "err": {},
                  "uuid": "05ba883a-acf8-4ccb-b336-c75dfe2b091a",
                  "parentUUID": "9de9b53f-cb6b-416d-ae25-315572a2c800",
                  "isHook": false,
                  "skipped": false
                },
                {
                  "title": "when user input existing data, then user got response error",
                  "fullTitle": "API Service Group Create Service Product when user input existing data, then user got response error",
                  "timedOut": false,
                  "duration": 717,
                  "state": "passed",
                  "speed": "slow",
                  "pass": true,
                  "fail": false,
                  "pending": false,
                  "context": null,
                  "code": "const res = await create.createServiceGroup('TEST66', 'Alda', 'this is triger from automation tools')\nassert(res.status).to.equal(400)",
                  "err": {},
                  "uuid": "6cf90c8f-fe6d-4608-8705-cef68b5f7495",
                  "parentUUID": "9de9b53f-cb6b-416d-ae25-315572a2c800",
                  "isHook": false,
                  "skipped": false
                },
                {
                  "title": "when user input data using existing code data, then user got response error",
                  "fullTitle": "API Service Group Create Service Product when user input data using existing code data, then user got response error",
                  "timedOut": false,
                  "duration": 716,
                  "state": "passed",
                  "speed": "slow",
                  "pass": true,
                  "fail": false,
                  "pending": false,
                  "context": null,
                  "code": "const res = await create.createServiceGroup('TEST66', datas.service_Group.name, datas.service_Group.description)\nassert(res.status).to.equal(400)",
                  "err": {},
                  "uuid": "ebc28e75-2ddd-4bcb-811a-b5a40fa74e52",
                  "parentUUID": "9de9b53f-cb6b-416d-ae25-315572a2c800",
                  "isHook": false,
                  "skipped": false
                }
              ],
              "suites": [],
              "passes": [
                "05ba883a-acf8-4ccb-b336-c75dfe2b091a",
                "6cf90c8f-fe6d-4608-8705-cef68b5f7495",
                "ebc28e75-2ddd-4bcb-811a-b5a40fa74e52"
              ],
              "failures": [],
              "pending": [],
              "skipped": [],
              "duration": 2183,
              "root": false,
              "rootEmpty": false,
              "_timeout": 180000
            },
            {
              "uuid": "d8e3afb8-cf82-4d66-8a28-2f519b0a4eae",
              "title": "Get All Service Group",
              "fullFile": "/home/runner/work/flash/flash/test/suite_productService.js",
              "file": "/test/suite_productService.js",
              "beforeHooks": [],
              "afterHooks": [],
              "tests": [
                {
                  "title": "when user hit api get all then user got response 200 and all data will be appears",
                  "fullTitle": "API Service Group Get All Service Group when user hit api get all then user got response 200 and all data will be appears",
                  "timedOut": false,
                  "duration": 1102,
                  "state": "passed",
                  "speed": "slow",
                  "pass": true,
                  "fail": false,
                  "pending": false,
                  "context": null,
                  "code": "const res = await getAll.getallServiceGroup()\nif(res.status !==200){\n    console.log(\"getall data : \"+res.status+\"||\" +res.body.text)\n}\nassert(res.status).to.equal(200)\nassert(res.body.data[0]).to.have.property(\"id\")\nassert(res.body.data[0]).to.have.property(\"code\")\nassert(res.body.data[0]).to.have.property(\"name\")\nassert(res.body.data[0]).to.have.property(\"description\")\nassert(res.body.data[0]).to.have.property(\"is_active\")\nglobal.ids1 = res.body.data[1].id\nglobal.names1 = res.body.data[1].name\nglobal.desc1 = res.body.data[1].description\nglobal.codes1 = res.body.data[1].code",
                  "err": {},
                  "uuid": "f9117c51-b48a-47fa-8e94-a7ff1f203c9e",
                  "parentUUID": "d8e3afb8-cf82-4d66-8a28-2f519b0a4eae",
                  "isHook": false,
                  "skipped": false
                }
              ],
              "suites": [],
              "passes": [
                "f9117c51-b48a-47fa-8e94-a7ff1f203c9e"
              ],
              "failures": [],
              "pending": [],
              "skipped": [],
              "duration": 1102,
              "root": false,
              "rootEmpty": false,
              "_timeout": 180000
            },
            {
              "uuid": "bf2d8e5d-ac89-4ce2-a35e-964baa81e9d4",
              "title": "Get All Public Service Group ",
              "fullFile": "/home/runner/work/flash/flash/test/suite_productService.js",
              "file": "/test/suite_productService.js",
              "beforeHooks": [],
              "afterHooks": [],
              "tests": [
                {
                  "title": "when user hit api get all public then user got response 200 and all data will be appears",
                  "fullTitle": "API Service Group Get All Public Service Group  when user hit api get all public then user got response 200 and all data will be appears",
                  "timedOut": false,
                  "duration": 640,
                  "state": "passed",
                  "speed": "slow",
                  "pass": true,
                  "fail": false,
                  "pending": false,
                  "context": null,
                  "code": "const res = await getAllpublic.getallpublicServiceGroup()\nif(res.status !==200){\n    console.log(\"getall data : \"+res.status+\"||\" +res.body.text)\n}\nassert(res.status).to.equal(200)\nassert(res.body.data[0]).to.have.property(\"id\")\nassert(res.body.data[0]).to.have.property(\"code\")\nassert(res.body.data[0]).to.have.property(\"name\")\nassert(res.body.data[0]).to.have.property(\"description\")\nassert(res.body.data[0]).to.have.property(\"is_active\")",
                  "err": {},
                  "uuid": "80fa94d7-c315-4365-8706-b5b1d6e29418",
                  "parentUUID": "bf2d8e5d-ac89-4ce2-a35e-964baa81e9d4",
                  "isHook": false,
                  "skipped": false
                }
              ],
              "suites": [],
              "passes": [
                "80fa94d7-c315-4365-8706-b5b1d6e29418"
              ],
              "failures": [],
              "pending": [],
              "skipped": [],
              "duration": 640,
              "root": false,
              "rootEmpty": false,
              "_timeout": 180000
            },
            {
              "uuid": "c87cfa1b-9651-4d2f-b946-cf42b4e0be5b",
              "title": "Get Detail Public Service Group",
              "fullFile": "/home/runner/work/flash/flash/test/suite_productService.js",
              "file": "/test/suite_productService.js",
              "beforeHooks": [],
              "afterHooks": [],
              "tests": [
                {
                  "title": "when user hit api get detail public then user got response 200 and all data will be appears",
                  "fullTitle": "API Service Group Get Detail Public Service Group when user hit api get detail public then user got response 200 and all data will be appears",
                  "timedOut": false,
                  "duration": 677,
                  "state": "passed",
                  "speed": "slow",
                  "pass": true,
                  "fail": false,
                  "pending": false,
                  "context": null,
                  "code": "const res = await getdetailpublic.getdetailpublicServiceGroup(global.ids)\nif(res.status !==200){\n    console.log(\"getdetailpublic data : \"+res.status+\"||\" +res.body.text)\n}\nassert(res.status).to.equal(200)\nassert(res.body.data[0]).to.have.property(\"id\")\nassert(res.body.data[0]).to.have.property(\"code\")\nassert(res.body.data[0]).to.have.property(\"name\")\nassert(res.body.data[0]).to.have.property(\"description\")\nassert(res.body.data[0]).to.have.property(\"is_active\")",
                  "err": {},
                  "uuid": "e830a950-f6cf-4c54-be7b-e0f18f71a304",
                  "parentUUID": "c87cfa1b-9651-4d2f-b946-cf42b4e0be5b",
                  "isHook": false,
                  "skipped": false
                },
                {
                  "title": "when user hit api get detail public with wrong id then user got response error",
                  "fullTitle": "API Service Group Get Detail Public Service Group when user hit api get detail public with wrong id then user got response error",
                  "timedOut": false,
                  "duration": 699,
                  "state": "passed",
                  "speed": "slow",
                  "pass": true,
                  "fail": false,
                  "pending": false,
                  "context": null,
                  "code": "const res = await getdetailpublic.getdetailpublicServiceGroup(datas.service_Group.wrongid)\nassert(res.status).to.equal(404)\nassert(res.body.response_desc).to.have.property(\"id\").to.equal(\"error data tidak ditemukan\")\nassert(res.body.response_desc).to.have.property(\"en\")",
                  "err": {},
                  "uuid": "1d9c6537-6435-4359-860f-feada905e554",
                  "parentUUID": "c87cfa1b-9651-4d2f-b946-cf42b4e0be5b",
                  "isHook": false,
                  "skipped": false
                }
              ],
              "suites": [],
              "passes": [
                "e830a950-f6cf-4c54-be7b-e0f18f71a304",
                "1d9c6537-6435-4359-860f-feada905e554"
              ],
              "failures": [],
              "pending": [],
              "skipped": [],
              "duration": 1376,
              "root": false,
              "rootEmpty": false,
              "_timeout": 180000
            },
            {
              "uuid": "5d03252f-fca0-4077-a569-64b64e000f31",
              "title": "Get Detail Service Group",
              "fullFile": "/home/runner/work/flash/flash/test/suite_productService.js",
              "file": "/test/suite_productService.js",
              "beforeHooks": [],
              "afterHooks": [],
              "tests": [
                {
                  "title": "when user hit api get detail then user got response 200 and all data will be appears",
                  "fullTitle": "API Service Group Get Detail Service Group when user hit api get detail then user got response 200 and all data will be appears",
                  "timedOut": false,
                  "duration": 631,
                  "state": "passed",
                  "speed": "slow",
                  "pass": true,
                  "fail": false,
                  "pending": false,
                  "context": null,
                  "code": "const res = await getdetail.getdetailServiceGroup(global.ids)\nif(res.status !==200){\n    console.log(\"getdetail data : \"+res.status+\"||\" +res.body.text)\n}\nassert(res.status).to.equal(200)\nassert(res.body.data[0]).to.have.property(\"id\")\nassert(res.body.data[0]).to.have.property(\"code\")\nassert(res.body.data[0]).to.have.property(\"name\")\nassert(res.body.data[0]).to.have.property(\"description\")\nassert(res.body.data[0]).to.have.property(\"is_active\")",
                  "err": {},
                  "uuid": "9a468eac-f160-474c-9303-0855c8a95341",
                  "parentUUID": "5d03252f-fca0-4077-a569-64b64e000f31",
                  "isHook": false,
                  "skipped": false
                },
                {
                  "title": "when user hit api get detail with wrong id then user got response error",
                  "fullTitle": "API Service Group Get Detail Service Group when user hit api get detail with wrong id then user got response error",
                  "timedOut": false,
                  "duration": 733,
                  "state": "passed",
                  "speed": "slow",
                  "pass": true,
                  "fail": false,
                  "pending": false,
                  "context": null,
                  "code": "const res = await getdetail.getdetailServiceGroup(datas.service_Group.wrongid)\nassert(res.status).to.equal(404)\nassert(res.body.response_desc).to.have.property(\"id\").to.equal(\"error data tidak ditemukan\")\nassert(res.body.response_desc).to.have.property(\"en\")",
                  "err": {},
                  "uuid": "434fd6b1-2ff7-4f7d-8599-ecea639e87be",
                  "parentUUID": "5d03252f-fca0-4077-a569-64b64e000f31",
                  "isHook": false,
                  "skipped": false
                }
              ],
              "suites": [],
              "passes": [
                "9a468eac-f160-474c-9303-0855c8a95341",
                "434fd6b1-2ff7-4f7d-8599-ecea639e87be"
              ],
              "failures": [],
              "pending": [],
              "skipped": [],
              "duration": 1364,
              "root": false,
              "rootEmpty": false,
              "_timeout": 180000
            },
            {
              "uuid": "9744a6cd-1b02-4e90-9b94-e18baa0751bf",
              "title": "Update Service Product",
              "fullFile": "/home/runner/work/flash/flash/test/suite_productService.js",
              "file": "/test/suite_productService.js",
              "beforeHooks": [],
              "afterHooks": [],
              "tests": [
                {
                  "title": "when user input corect data then user got response 200",
                  "fullTitle": "API Service Group Update Service Product when user input corect data then user got response 200",
                  "timedOut": false,
                  "duration": 641,
                  "state": "passed",
                  "speed": "slow",
                  "pass": true,
                  "fail": false,
                  "pending": false,
                  "context": null,
                  "code": "const res = await update.updateServiceGroup(global.ids, datas.service_Group.code, datas.service_Group.name, datas.service_Group.description)   \nif(res.status !==200){\n    console.log(\"update data : \"+res.status+\"||\" +res.body.text)\n}\nassert(res.status).to.equal(200)\nassert(res.body.data[0]).to.have.property(\"id\")\nassert(res.body.data[0]).to.have.property(\"code\")\nassert(res.body.data[0]).to.have.property(\"name\")\nassert(res.body.data[0]).to.have.property(\"description\")\nassert(res.body.data[0]).to.have.property(\"is_active\")",
                  "err": {},
                  "uuid": "f44a5198-83db-4831-afb1-cfdd18d4ab99",
                  "parentUUID": "9744a6cd-1b02-4e90-9b94-e18baa0751bf",
                  "isHook": false,
                  "skipped": false
                },
                {
                  "title": "when user input different code and same description and same name then user got response 200",
                  "fullTitle": "API Service Group Update Service Product when user input different code and same description and same name then user got response 200",
                  "timedOut": false,
                  "duration": 696,
                  "state": "passed",
                  "speed": "slow",
                  "pass": true,
                  "fail": false,
                  "pending": false,
                  "context": null,
                  "code": "const res = await update.updateServiceGroup(global.ids, datas.service_Group.code, global.names, global.desc)   \nif(res.status !==200){\n    console.log(\"update data : \"+res.status+\"||\" +res.body.text)\n}\nassert(res.status).to.equal(200)\nassert(res.body.data[0]).to.have.property(\"id\")\nassert(res.body.data[0]).to.have.property(\"code\")\nassert(res.body.data[0]).to.have.property(\"name\")\nassert(res.body.data[0]).to.have.property(\"description\")\nassert(res.body.data[0]).to.have.property(\"is_active\")",
                  "err": {},
                  "uuid": "fdf420b0-29e3-4e44-b65e-c54be542a19e",
                  "parentUUID": "9744a6cd-1b02-4e90-9b94-e18baa0751bf",
                  "isHook": false,
                  "skipped": false
                },
                {
                  "title": "when user input different name and same code then user got response 200",
                  "fullTitle": "API Service Group Update Service Product when user input different name and same code then user got response 200",
                  "timedOut": false,
                  "duration": 652,
                  "state": "passed",
                  "speed": "slow",
                  "pass": true,
                  "fail": false,
                  "pending": false,
                  "context": null,
                  "code": "const res = await update.updateServiceGroup(global.ids, global.codes, datas.service_Group.name, global.desc)   \nif(res.status !==200){\n    console.log(\"update data : \"+res.status+\"||\" +res.body.text)\n}\nassert(res.status).to.equal(200)\nassert(res.body.data[0]).to.have.property(\"id\")\nassert(res.body.data[0]).to.have.property(\"code\")\nassert(res.body.data[0]).to.have.property(\"name\")\nassert(res.body.data[0]).to.have.property(\"description\")\nassert(res.body.data[0]).to.have.property(\"is_active\")",
                  "err": {},
                  "uuid": "1b8046bc-b5f9-492b-bc32-36d2430a779f",
                  "parentUUID": "9744a6cd-1b02-4e90-9b94-e18baa0751bf",
                  "isHook": false,
                  "skipped": false
                },
                {
                  "title": "when user input different description and same code and same name then user got response 200",
                  "fullTitle": "API Service Group Update Service Product when user input different description and same code and same name then user got response 200",
                  "timedOut": false,
                  "duration": 736,
                  "state": "passed",
                  "speed": "slow",
                  "pass": true,
                  "fail": false,
                  "pending": false,
                  "context": null,
                  "code": "const res = await update.updateServiceGroup(global.ids, global.codes, global.names, datas.service_Group.description)   \nif(res.status !==200){\n    console.log(\"update data : \"+res.status+\"||\" +res.body.text)\n}\nassert(res.status).to.equal(200)\nassert(res.body.data[0]).to.have.property(\"id\")\nassert(res.body.data[0]).to.have.property(\"code\")\nassert(res.body.data[0]).to.have.property(\"name\")\nassert(res.body.data[0]).to.have.property(\"description\")\nassert(res.body.data[0]).to.have.property(\"is_active\")",
                  "err": {},
                  "uuid": "e2baa7fc-6c9a-4ecc-908a-df9df1d2f207",
                  "parentUUID": "9744a6cd-1b02-4e90-9b94-e18baa0751bf",
                  "isHook": false,
                  "skipped": false
                },
                {
                  "title": "when user input same data, then user got response error",
                  "fullTitle": "API Service Group Update Service Product when user input same data, then user got response error",
                  "timedOut": false,
                  "duration": 639,
                  "state": "passed",
                  "speed": "slow",
                  "pass": true,
                  "fail": false,
                  "pending": false,
                  "context": null,
                  "code": "const res = await update.updateServiceGroup(global.ids, global.codes1, global.names1, global.desc1)   \nassert(res.status).to.equal(500)",
                  "err": {},
                  "uuid": "deebc542-d477-48db-ad5f-e5006d700647",
                  "parentUUID": "9744a6cd-1b02-4e90-9b94-e18baa0751bf",
                  "isHook": false,
                  "skipped": false
                },
                {
                  "title": "when user input data using existing code data, then user got response error",
                  "fullTitle": "API Service Group Update Service Product when user input data using existing code data, then user got response error",
                  "timedOut": false,
                  "duration": 690,
                  "state": "passed",
                  "speed": "slow",
                  "pass": true,
                  "fail": false,
                  "pending": false,
                  "context": null,
                  "code": "const res = await update.updateServiceGroup(global.ids1, global.codes, datas.service_Group.name, datas.service_Group.description)   \nassert(res.status).to.equal(500)",
                  "err": {},
                  "uuid": "eb52506f-3e8e-4ff2-b979-53f36aec0030",
                  "parentUUID": "9744a6cd-1b02-4e90-9b94-e18baa0751bf",
                  "isHook": false,
                  "skipped": false
                }
              ],
              "suites": [],
              "passes": [
                "f44a5198-83db-4831-afb1-cfdd18d4ab99",
                "fdf420b0-29e3-4e44-b65e-c54be542a19e",
                "1b8046bc-b5f9-492b-bc32-36d2430a779f",
                "e2baa7fc-6c9a-4ecc-908a-df9df1d2f207",
                "deebc542-d477-48db-ad5f-e5006d700647",
                "eb52506f-3e8e-4ff2-b979-53f36aec0030"
              ],
              "failures": [],
              "pending": [],
              "skipped": [],
              "duration": 4054,
              "root": false,
              "rootEmpty": false,
              "_timeout": 180000
            },
            {
              "uuid": "d9b412fb-2ab0-45a9-8c24-e868a22c3c40",
              "title": "Delete data Service Group",
              "fullFile": "/home/runner/work/flash/flash/test/suite_productService.js",
              "file": "/test/suite_productService.js",
              "beforeHooks": [],
              "afterHooks": [],
              "tests": [
                {
                  "title": "when user hit api delete with correct id then user got response 200 and data will be deleted",
                  "fullTitle": "API Service Group Delete data Service Group when user hit api delete with correct id then user got response 200 and data will be deleted",
                  "timedOut": false,
                  "duration": 713,
                  "state": "passed",
                  "speed": "slow",
                  "pass": true,
                  "fail": false,
                  "pending": false,
                  "context": null,
                  "code": "const res = await deleted.deleteServiceGroup(global.ids)\nassert(res.status).to.equal(200)",
                  "err": {},
                  "uuid": "83bac03b-ebde-4f8a-a8ad-ef4d7598dd3e",
                  "parentUUID": "d9b412fb-2ab0-45a9-8c24-e868a22c3c40",
                  "isHook": false,
                  "skipped": false
                },
                {
                  "title": "when user hit api delete with wrong id then user got response error",
                  "fullTitle": "API Service Group Delete data Service Group when user hit api delete with wrong id then user got response error",
                  "timedOut": false,
                  "duration": 636,
                  "state": "passed",
                  "speed": "slow",
                  "pass": true,
                  "fail": false,
                  "pending": false,
                  "context": null,
                  "code": "const res = await deleted.deleteServiceGroup(datas.service_Group.wrongid)\nassert(res.status).to.equal(404)",
                  "err": {},
                  "uuid": "1a51894e-fda2-4855-a891-869c3472671e",
                  "parentUUID": "d9b412fb-2ab0-45a9-8c24-e868a22c3c40",
                  "isHook": false,
                  "skipped": false
                }
              ],
              "suites": [],
              "passes": [
                "83bac03b-ebde-4f8a-a8ad-ef4d7598dd3e",
                "1a51894e-fda2-4855-a891-869c3472671e"
              ],
              "failures": [],
              "pending": [],
              "skipped": [],
              "duration": 1349,
              "root": false,
              "rootEmpty": false,
              "_timeout": 180000
            }
          ],
          "passes": [],
          "failures": [],
          "pending": [],
          "skipped": [],
          "duration": 0,
          "root": false,
          "rootEmpty": false,
          "_timeout": 180000
        },
        {
          "uuid": "bcf91fa2-d8a7-4bdb-8410-b3d2417fa894",
          "title": "API Extension Clause",
          "fullFile": "/home/runner/work/flash/flash/test/suite_productService.js",
          "file": "/test/suite_productService.js",
          "beforeHooks": [],
          "afterHooks": [],
          "tests": [],
          "suites": [
            {
              "uuid": "d019f661-f164-4339-bd17-841cd674429d",
              "title": "Create ExtensionClause",
              "fullFile": "/home/runner/work/flash/flash/test/suite_productService.js",
              "file": "/test/suite_productService.js",
              "beforeHooks": [],
              "afterHooks": [],
              "tests": [
                {
                  "title": "when user input corect data then user got response 200",
                  "fullTitle": "API Extension Clause Create ExtensionClause when user input corect data then user got response 200",
                  "timedOut": false,
                  "duration": 658,
                  "state": "passed",
                  "speed": "slow",
                  "pass": true,
                  "fail": false,
                  "pending": false,
                  "context": null,
                  "code": "const res = await EC_create.createExtensionClause(datas.Extension_clause.code, datas.service_Group.name, datas.service_Group.description, global.codes)\nassert(res.status).to.equal(200)\nassert(res.body.data[0]).to.have.property(\"id\")\nassert(res.body.data[0]).to.have.property(\"service_group_id\").to.equal(global.ids)\nassert(res.body.data[0]).to.have.property(\"service_group_code\").to.equal(global.codes)\nassert(res.body.data[0]).to.have.property(\"code\")\nassert(res.body.data[0]).to.have.property(\"name\")\nassert(res.body.data[0]).to.have.property(\"description\")\nassert(res.body.data[0]).to.have.property(\"is_active\").to.equal(true)\nglobal.ECids = res.body.data[0].id",
                  "err": {},
                  "uuid": "48b4cd15-df59-4c7b-a242-fab850ba1bb2",
                  "parentUUID": "d019f661-f164-4339-bd17-841cd674429d",
                  "isHook": false,
                  "skipped": false
                }
              ],
              "suites": [],
              "passes": [
                "48b4cd15-df59-4c7b-a242-fab850ba1bb2"
              ],
              "failures": [],
              "pending": [],
              "skipped": [],
              "duration": 658,
              "root": false,
              "rootEmpty": false,
              "_timeout": 180000
            },
            {
              "uuid": "8eff771e-f8a6-47cc-9a92-2fbfdbfaa97c",
              "title": "Get all data Extension Clause",
              "fullFile": "/home/runner/work/flash/flash/test/suite_productService.js",
              "file": "/test/suite_productService.js",
              "beforeHooks": [],
              "afterHooks": [],
              "tests": [
                {
                  "title": "when user hit api get all then user got response 200 and all data will be appears",
                  "fullTitle": "API Extension Clause Get all data Extension Clause when user hit api get all then user got response 200 and all data will be appears",
                  "timedOut": false,
                  "duration": 1097,
                  "state": "passed",
                  "speed": "slow",
                  "pass": true,
                  "fail": false,
                  "pending": false,
                  "context": null,
                  "code": "const res = await EC_Getall.getallExtensionClause()\nassert(res.status).to.equal(200)\nassert(res.body.data[0]).to.have.property(\"id\")\nassert(res.body.data[0]).to.have.property(\"service_group_id\")\nassert(res.body.data[0]).to.have.property(\"service_group_code\")\nassert(res.body.data[0]).to.have.property(\"code\")\nassert(res.body.data[0]).to.have.property(\"name\")\nassert(res.body.data[0]).to.have.property(\"description\")\nassert(res.body.data[0]).to.have.property(\"is_active\")\nglobal.ECids1 = res.body.data[1].id\nglobal.ECserviceCode1 = res.body.data[1].service_group_code\nglobal.code1 = res.body.data[1].code\nglobal.name1 = res.body.data[1].name\nglobal.code2 = res.body.data[0].code\nglobal.name2 = res.body.data[0].name",
                  "err": {},
                  "uuid": "10d462ff-08eb-4a6f-bdf6-42280e937630",
                  "parentUUID": "8eff771e-f8a6-47cc-9a92-2fbfdbfaa97c",
                  "isHook": false,
                  "skipped": false
                }
              ],
              "suites": [],
              "passes": [
                "10d462ff-08eb-4a6f-bdf6-42280e937630"
              ],
              "failures": [],
              "pending": [],
              "skipped": [],
              "duration": 1097,
              "root": false,
              "rootEmpty": false,
              "_timeout": 180000
            },
            {
              "uuid": "edd0c8c8-f057-42e7-a9b2-7b167fccccdd",
              "title": "Delete data Extension Clause",
              "fullFile": "/home/runner/work/flash/flash/test/suite_productService.js",
              "file": "/test/suite_productService.js",
              "beforeHooks": [],
              "afterHooks": [],
              "tests": [
                {
                  "title": "when user hit api delete with correct id then user got response 200 and data will be deleted",
                  "fullTitle": "API Extension Clause Delete data Extension Clause when user hit api delete with correct id then user got response 200 and data will be deleted",
                  "timedOut": false,
                  "duration": 637,
                  "state": "passed",
                  "speed": "slow",
                  "pass": true,
                  "fail": false,
                  "pending": false,
                  "context": null,
                  "code": "const res = await EC_Delete.deleteExtensionClause(global.ECids)\nassert(res.status).to.equal(200)",
                  "err": {},
                  "uuid": "611862af-5267-4ed6-ae14-0f86cc88c5ed",
                  "parentUUID": "edd0c8c8-f057-42e7-a9b2-7b167fccccdd",
                  "isHook": false,
                  "skipped": false
                },
                {
                  "title": "when user hit api delete with wrong id then user got response error",
                  "fullTitle": "API Extension Clause Delete data Extension Clause when user hit api delete with wrong id then user got response error",
                  "timedOut": false,
                  "duration": 710,
                  "state": "passed",
                  "speed": "slow",
                  "pass": true,
                  "fail": false,
                  "pending": false,
                  "context": null,
                  "code": "const res = await EC_Delete.deleteExtensionClause(datas.Extension_clause.wrongid)\nassert(res.status).to.equal(400)\nassert(res.body.response_desc.id).to.equal('Product Extension Clause ID Tidak Ditemukan')",
                  "err": {},
                  "uuid": "a30c7db1-b8b5-435a-a8c0-753e382c0d4b",
                  "parentUUID": "edd0c8c8-f057-42e7-a9b2-7b167fccccdd",
                  "isHook": false,
                  "skipped": false
                }
              ],
              "suites": [],
              "passes": [
                "611862af-5267-4ed6-ae14-0f86cc88c5ed",
                "a30c7db1-b8b5-435a-a8c0-753e382c0d4b"
              ],
              "failures": [],
              "pending": [],
              "skipped": [],
              "duration": 1347,
              "root": false,
              "rootEmpty": false,
              "_timeout": 180000
            },
            {
              "uuid": "807a430d-b27f-4a95-a463-4232362fbf59",
              "title": "Get Detail Extension Clause",
              "fullFile": "/home/runner/work/flash/flash/test/suite_productService.js",
              "file": "/test/suite_productService.js",
              "beforeHooks": [],
              "afterHooks": [],
              "tests": [
                {
                  "title": "when user hit api get detail then user got response 200 and all data will be appears",
                  "fullTitle": "API Extension Clause Get Detail Extension Clause when user hit api get detail then user got response 200 and all data will be appears",
                  "timedOut": false,
                  "duration": 688,
                  "state": "passed",
                  "speed": "slow",
                  "pass": true,
                  "fail": false,
                  "pending": false,
                  "context": null,
                  "code": "const res = await EC_Getdetail.getdetailExtensionClause(global.ECids)\nassert(res.status).to.equal(200)\nassert(res.body.data[0]).to.have.property(\"id\").to.equal(global.ECids)\nassert(res.body.data[0]).to.have.property(\"service_group_id\").to.equal(global.ids)\nassert(res.body.data[0]).to.have.property(\"service_group_code\").to.equal(global.codes)\nassert(res.body.data[0]).to.have.property(\"code\")\nassert(res.body.data[0]).to.have.property(\"name\")\nassert(res.body.data[0]).to.have.property(\"description\")\nassert(res.body.data[0]).to.have.property(\"is_active\").to.equal(false)",
                  "err": {},
                  "uuid": "db40e776-eba2-4e20-8098-09d4171ba174",
                  "parentUUID": "807a430d-b27f-4a95-a463-4232362fbf59",
                  "isHook": false,
                  "skipped": false
                },
                {
                  "title": "when user hit api get detail with wrong id then user got response error",
                  "fullTitle": "API Extension Clause Get Detail Extension Clause when user hit api get detail with wrong id then user got response error",
                  "timedOut": false,
                  "duration": 628,
                  "state": "passed",
                  "speed": "slow",
                  "pass": true,
                  "fail": false,
                  "pending": false,
                  "context": null,
                  "code": "const res = await EC_Getdetail.getdetailExtensionClause(datas.Extension_clause.wrongid)\nassert(res.status).to.equal(404)\nassert(res.body.response_desc.id).to.equal('error data tidak ditemukan')",
                  "err": {},
                  "uuid": "70ca774a-04e3-4aeb-8b18-10b79c8b2693",
                  "parentUUID": "807a430d-b27f-4a95-a463-4232362fbf59",
                  "isHook": false,
                  "skipped": false
                }
              ],
              "suites": [],
              "passes": [
                "db40e776-eba2-4e20-8098-09d4171ba174",
                "70ca774a-04e3-4aeb-8b18-10b79c8b2693"
              ],
              "failures": [],
              "pending": [],
              "skipped": [],
              "duration": 1316,
              "root": false,
              "rootEmpty": false,
              "_timeout": 180000
            },
            {
              "uuid": "afada5b6-0c2c-4526-9a6a-0cd0ea925694",
              "title": "update data Extension Clause",
              "fullFile": "/home/runner/work/flash/flash/test/suite_productService.js",
              "file": "/test/suite_productService.js",
              "beforeHooks": [],
              "afterHooks": [],
              "tests": [
                {
                  "title": "when user input corect data then user got response 200",
                  "fullTitle": "API Extension Clause update data Extension Clause when user input corect data then user got response 200",
                  "timedOut": false,
                  "duration": 654,
                  "state": "passed",
                  "speed": "slow",
                  "pass": true,
                  "fail": false,
                  "pending": false,
                  "context": null,
                  "code": "const res =  await EC_Update.updateExtensionClause(global.ECids, global.code1, global.name1, datas.Extension_clause.description, global.ECserviceCode1)\nassert(res.status).to.equal(200)",
                  "err": {},
                  "uuid": "987a7c58-920f-4c11-98d7-6c87998fcab2",
                  "parentUUID": "afada5b6-0c2c-4526-9a6a-0cd0ea925694",
                  "isHook": false,
                  "skipped": false
                }
              ],
              "suites": [],
              "passes": [
                "987a7c58-920f-4c11-98d7-6c87998fcab2"
              ],
              "failures": [],
              "pending": [],
              "skipped": [],
              "duration": 654,
              "root": false,
              "rootEmpty": false,
              "_timeout": 180000
            },
            {
              "uuid": "7cf69a83-82b3-488f-8419-7dcb5bc76312",
              "title": "Search data Extension Clause",
              "fullFile": "/home/runner/work/flash/flash/test/suite_productService.js",
              "file": "/test/suite_productService.js",
              "beforeHooks": [],
              "afterHooks": [],
              "tests": [
                {
                  "title": "when user input corect data then user got response 200",
                  "fullTitle": "API Extension Clause Search data Extension Clause when user input corect data then user got response 200",
                  "timedOut": false,
                  "duration": 646,
                  "state": "passed",
                  "speed": "slow",
                  "pass": true,
                  "fail": false,
                  "pending": false,
                  "context": null,
                  "code": "const res =  await EC_Search.searchExtensionClause(global.ECserviceCode1, global.code1, global.name1)\nif(res.status !== 200){\n    console.log(\"error search EC\" +res.text);\n}\nassert(res.status).to.equal(200)\nassert(res.body.data[0]).to.have.property(\"id\")\nassert(res.body.data[0]).to.have.property(\"service_group_id\")\nassert(res.body.data[0]).to.have.property(\"service_group_code\")\nassert(res.body.data[0]).to.have.property(\"code\")\nassert(res.body.data[0]).to.have.property(\"name\")\nassert(res.body.data[0]).to.have.property(\"description\")\nassert(res.body.data[0]).to.have.property(\"is_active\")",
                  "err": {},
                  "uuid": "6eee0a37-feb5-41f7-9e29-50f65fd9a29c",
                  "parentUUID": "7cf69a83-82b3-488f-8419-7dcb5bc76312",
                  "isHook": false,
                  "skipped": false
                },
                {
                  "title": "when user input data using invalid service group, then user got response error",
                  "fullTitle": "API Extension Clause Search data Extension Clause when user input data using invalid service group, then user got response error",
                  "timedOut": false,
                  "duration": 728,
                  "state": "passed",
                  "speed": "slow",
                  "pass": true,
                  "fail": false,
                  "pending": false,
                  "context": null,
                  "code": "const res =  await EC_Search.searchExtensionClause(datas.Extension_clause.invalid_service_group_code, global.code1, global.name1)\nassert(res.status).to.equal(400)\nassert(res.body.response_desc).to.have.property('id').to.equal('Product Search Extension Clause Data Tidak Ditemukan')",
                  "err": {},
                  "uuid": "b4110b56-e37b-407c-8325-1c73ed8e827d",
                  "parentUUID": "7cf69a83-82b3-488f-8419-7dcb5bc76312",
                  "isHook": false,
                  "skipped": false
                },
                {
                  "title": "when user input data using different_code and with same service group and same name, then user got response error",
                  "fullTitle": "API Extension Clause Search data Extension Clause when user input data using different_code and with same service group and same name, then user got response error",
                  "timedOut": false,
                  "duration": 650,
                  "state": "passed",
                  "speed": "slow",
                  "pass": true,
                  "fail": false,
                  "pending": false,
                  "context": null,
                  "code": "const res =  await EC_Search.searchExtensionClause(global.ECserviceCode1, global.code2, global.name1)\nassert(res.status).to.equal(400)\nassert(res.body.response_desc).to.have.property('id').to.equal('Product Search Extension Clause Data Tidak Ditemukan')",
                  "err": {},
                  "uuid": "4f9b882b-1b3a-4fdf-bf75-304a9a45af60",
                  "parentUUID": "7cf69a83-82b3-488f-8419-7dcb5bc76312",
                  "isHook": false,
                  "skipped": false
                },
                {
                  "title": "when user input data using different_name and with same service group and same code, then user got response error",
                  "fullTitle": "API Extension Clause Search data Extension Clause when user input data using different_name and with same service group and same code, then user got response error",
                  "timedOut": false,
                  "duration": 657,
                  "state": "passed",
                  "speed": "slow",
                  "pass": true,
                  "fail": false,
                  "pending": false,
                  "context": null,
                  "code": "const res =  await EC_Search.searchExtensionClause(global.ECserviceCode1, global.code1, global.name2)\nassert(res.status).to.equal(400)\nassert(res.body.response_desc).to.have.property('id').to.equal('Product Search Extension Clause Data Tidak Ditemukan')",
                  "err": {},
                  "uuid": "e745f4c2-448e-4322-833f-e0abab371250",
                  "parentUUID": "7cf69a83-82b3-488f-8419-7dcb5bc76312",
                  "isHook": false,
                  "skipped": false
                }
              ],
              "suites": [],
              "passes": [
                "6eee0a37-feb5-41f7-9e29-50f65fd9a29c",
                "b4110b56-e37b-407c-8325-1c73ed8e827d",
                "4f9b882b-1b3a-4fdf-bf75-304a9a45af60",
                "e745f4c2-448e-4322-833f-e0abab371250"
              ],
              "failures": [],
              "pending": [],
              "skipped": [],
              "duration": 2681,
              "root": false,
              "rootEmpty": false,
              "_timeout": 180000
            }
          ],
          "passes": [],
          "failures": [],
          "pending": [],
          "skipped": [],
          "duration": 0,
          "root": false,
          "rootEmpty": false,
          "_timeout": 180000
        }
      ],
      "passes": [],
      "failures": [],
      "pending": [],
      "skipped": [],
      "duration": 0,
      "root": true,
      "rootEmpty": true,
      "_timeout": 180000
    }
  ],
  "meta": {
    "mocha": {
      "version": "9.2.2"
    },
    "mochawesome": {
      "options": {
        "quiet": false,
        "reportFilename": "mochawesome",
        "saveHtml": true,
        "saveJson": true,
        "consoleReporter": "spec",
        "useInlineDiffs": false,
        "code": true
      },
      "version": "7.1.3"
    },
    "marge": {
      "options": {
        "reportDir": "reports/mochawesome/"
      },
      "version": "6.2.0"
    }
  }
}